2019-03-29 09:28:18,080 INFO o.a.j.u.JMeterUtils: Setting Locale to en_EN
2019-03-29 09:28:18,104 INFO o.a.j.JMeter: Loading user properties from: /opt/apache-jmeter-5.1/bin/user.properties
2019-03-29 09:28:18,105 INFO o.a.j.JMeter: Loading system properties from: /opt/apache-jmeter-5.1/bin/system.properties
2019-03-29 09:28:18,105 INFO o.a.j.JMeter: Setting JMeter property: server.rmi.ssl.keystore.file=/mnt/jmeter/keys/rmi_keystore.jks
2019-03-29 09:28:18,105 INFO o.a.j.JMeter: Setting JMeter property: client.rmi.localport=7000
2019-03-29 09:28:18,105 INFO o.a.j.JMeter: Setting JMeter property: remote_hosts=172.18.0.2,172.18.0.3
2019-03-29 09:28:18,113 INFO o.a.j.JMeter: Copyright (c) 1998-2019 The Apache Software Foundation
2019-03-29 09:28:18,113 INFO o.a.j.JMeter: Version 5.1 r1853635
2019-03-29 09:28:18,113 INFO o.a.j.JMeter: java.version=1.8.0_201
2019-03-29 09:28:18,113 INFO o.a.j.JMeter: java.vm.name=OpenJDK 64-Bit Server VM
2019-03-29 09:28:18,113 INFO o.a.j.JMeter: os.name=Linux
2019-03-29 09:28:18,113 INFO o.a.j.JMeter: os.arch=amd64
2019-03-29 09:28:18,113 INFO o.a.j.JMeter: os.version=4.4.0-143-generic
2019-03-29 09:28:18,113 INFO o.a.j.JMeter: file.encoding=UTF-8
2019-03-29 09:28:18,113 INFO o.a.j.JMeter: java.awt.headless=true
2019-03-29 09:28:18,113 INFO o.a.j.JMeter: Max memory     =159383552
2019-03-29 09:28:18,113 INFO o.a.j.JMeter: Available Processors =4
2019-03-29 09:28:18,118 INFO o.a.j.JMeter: Default Locale=English (EN)
2019-03-29 09:28:18,119 INFO o.a.j.JMeter: JMeter  Locale=English (EN)
2019-03-29 09:28:18,119 INFO o.a.j.JMeter: JMeterHome=/opt/apache-jmeter-5.1
2019-03-29 09:28:18,119 INFO o.a.j.JMeter: user.dir  =/opt/apache-jmeter-5.1
2019-03-29 09:28:18,119 INFO o.a.j.JMeter: PWD       =/opt/apache-jmeter-5.1
2019-03-29 09:28:18,120 INFO o.a.j.JMeter: IP: 172.18.0.100 Name: 832bbdcea14b FullName: 832bbdcea14b
2019-03-29 09:28:18,141 INFO o.a.j.s.FileServer: Default base='/opt/apache-jmeter-5.1'
2019-03-29 09:28:18,154 INFO o.a.j.s.FileServer: Set new base='/mnt/jmeter/jmx'
2019-03-29 09:28:18,486 INFO o.a.j.s.SaveService: Testplan (JMX) version: 2.2. Testlog (JTL) version: 2.2
2019-03-29 09:28:18,525 INFO o.a.j.s.SaveService: Using SaveService properties file encoding UTF-8
2019-03-29 09:28:18,539 INFO o.a.j.s.SaveService: Using SaveService properties version 5.0
2019-03-29 09:28:18,546 INFO o.a.j.s.SaveService: Loading file: /mnt/jmeter/jmx/Weather.jmx
2019-03-29 09:28:18,644 INFO o.a.j.p.h.s.HTTPSamplerBase: Parser for text/html is org.apache.jmeter.protocol.http.parser.LagartoBasedHtmlParser
2019-03-29 09:28:18,644 INFO o.a.j.p.h.s.HTTPSamplerBase: Parser for application/xhtml+xml is org.apache.jmeter.protocol.http.parser.LagartoBasedHtmlParser
2019-03-29 09:28:18,644 INFO o.a.j.p.h.s.HTTPSamplerBase: Parser for application/xml is org.apache.jmeter.protocol.http.parser.LagartoBasedHtmlParser
2019-03-29 09:28:18,644 INFO o.a.j.p.h.s.HTTPSamplerBase: Parser for text/xml is org.apache.jmeter.protocol.http.parser.LagartoBasedHtmlParser
2019-03-29 09:28:18,644 INFO o.a.j.p.h.s.HTTPSamplerBase: Parser for text/vnd.wap.wml is org.apache.jmeter.protocol.http.parser.RegexpHTMLParser
2019-03-29 09:28:18,644 INFO o.a.j.p.h.s.HTTPSamplerBase: Parser for text/css is org.apache.jmeter.protocol.http.parser.CssParser
2019-03-29 09:28:18,665 INFO o.a.j.s.SampleResult: Note: Sample TimeStamps are START times
2019-03-29 09:28:18,665 INFO o.a.j.s.SampleResult: sampleresult.default.encoding is set to ISO-8859-1
2019-03-29 09:28:18,665 INFO o.a.j.s.SampleResult: sampleresult.useNanoTime=true
2019-03-29 09:28:18,665 INFO o.a.j.s.SampleResult: sampleresult.nanoThreadSleep=5000
2019-03-29 09:28:18,702 INFO o.a.j.JMeter: Creating summariser <summary>
2019-03-29 09:28:18,733 INFO o.a.j.e.StandardJMeterEngine: Running the test!
2019-03-29 09:28:18,737 INFO o.a.j.s.SampleEvent: List of sample_variables: []
2019-03-29 09:28:18,737 INFO o.a.j.s.SampleEvent: List of sample_variables: []
2019-03-29 09:28:18,748 INFO o.a.j.e.u.CompoundVariable: Note: Function class names must contain the string: '.functions.'
2019-03-29 09:28:18,748 INFO o.a.j.e.u.CompoundVariable: Note: Function class names must not contain the string: '.gui.'
2019-03-29 09:28:19,966 INFO o.a.j.v.b.BackendListener: Backend Listener: Starting worker with class: class org.apache.jmeter.visualizers.backend.influxdb.InfluxdbBackendListenerClient and queue capacity: 5000
2019-03-29 09:28:19,967 INFO o.a.j.v.b.BackendListener: Backend Listener: Started  worker with class: class org.apache.jmeter.visualizers.backend.influxdb.InfluxdbBackendListenerClient
2019-03-29 09:28:20,443 INFO o.a.j.JMeter: Running test (1553848100443)
2019-03-29 09:28:20,502 INFO o.a.j.e.StandardJMeterEngine: Starting ThreadGroup: 1 : Get_Weather_By_Name_And_Id
2019-03-29 09:28:20,502 INFO o.a.j.e.StandardJMeterEngine: Starting 2 threads for group Get_Weather_By_Name_And_Id.
2019-03-29 09:28:20,502 INFO o.a.j.e.StandardJMeterEngine: Thread will continue on error
2019-03-29 09:28:20,505 INFO o.a.j.t.ThreadGroup: Starting thread group... number=1 threads=2 ramp-up=2 perThread=1000.0 delayedStart=false
2019-03-29 09:28:20,517 INFO o.a.j.t.ThreadGroup: Started thread group number 1
2019-03-29 09:28:20,517 INFO o.a.j.e.StandardJMeterEngine: All thread groups have been started
2019-03-29 09:28:20,521 INFO o.a.j.t.JMeterThread: Thread started: Get_Weather_By_Name_And_Id 1-1
2019-03-29 09:28:20,649 INFO o.a.j.p.h.s.HTTPHCAbstractImpl: Local host = 832bbdcea14b
2019-03-29 09:28:20,656 INFO o.a.j.p.h.s.HTTPHC4Impl: HTTP request retry count = 0
2019-03-29 09:28:20,856 INFO o.a.j.p.h.s.h.LazyLayeredConnectionSocketFactory: Setting up HTTPS TrustAll Socket Factory
2019-03-29 09:28:20,863 INFO o.a.j.u.JsseSSLManager: Using default SSL protocol: TLS
2019-03-29 09:28:20,863 INFO o.a.j.u.JsseSSLManager: SSL session context: per-thread
2019-03-29 09:28:21,058 INFO o.a.j.u.SSLManager: JmeterKeyStore Location:  type JKS
2019-03-29 09:28:21,060 INFO o.a.j.u.SSLManager: KeyStore created OK
2019-03-29 09:28:21,060 WARN o.a.j.u.SSLManager: Keystore file not found, loading empty keystore
2019-03-29 09:28:21,521 INFO o.a.j.t.JMeterThread: Thread started: Get_Weather_By_Name_And_Id 1-2
2019-03-29 09:28:23,153 INFO o.a.j.t.JMeterThread: Thread is done: Get_Weather_By_Name_And_Id 1-1
2019-03-29 09:28:23,154 INFO o.a.j.t.JMeterThread: Thread finished: Get_Weather_By_Name_And_Id 1-1
2019-03-29 09:28:23,427 INFO o.a.j.t.JMeterThread: Thread is done: Get_Weather_By_Name_And_Id 1-2
2019-03-29 09:28:23,428 INFO o.a.j.t.JMeterThread: Thread finished: Get_Weather_By_Name_And_Id 1-2
2019-03-29 09:28:23,429 INFO o.a.j.e.StandardJMeterEngine: Notifying test listeners of end of test
2019-03-29 09:28:23,429 INFO o.a.j.v.b.BackendListener: Worker ended
2019-03-29 09:28:23,431 INFO o.a.j.v.b.i.InfluxdbBackendListenerClient: Sending last metrics
2019-03-29 09:28:23,447 INFO o.a.j.v.b.i.HttpMetricsSender: Destroying 
2019-03-29 09:28:23,487 INFO o.a.j.r.Summariser: summary =      8 in 00:00:03 =    2.6/s Avg:   539 Min:   182 Max:  1168 Err:     0 (0.00%)
