2019-03-29 09:14:29,933 INFO o.a.j.u.JMeterUtils: Setting Locale to en_EN
2019-03-29 09:14:29,954 INFO o.a.j.JMeter: Loading user properties from: /opt/apache-jmeter-5.1/bin/user.properties
2019-03-29 09:14:29,955 INFO o.a.j.JMeter: Loading system properties from: /opt/apache-jmeter-5.1/bin/system.properties
2019-03-29 09:14:29,955 INFO o.a.j.JMeter: Setting JMeter property: server.rmi.ssl.keystore.file=/mnt/jmeter/keys/rmi_keystore.jks
2019-03-29 09:14:29,955 INFO o.a.j.JMeter: Setting JMeter property: client.rmi.localport=7000
2019-03-29 09:14:29,962 INFO o.a.j.JMeter: Copyright (c) 1998-2019 The Apache Software Foundation
2019-03-29 09:14:29,962 INFO o.a.j.JMeter: Version 5.1 r1853635
2019-03-29 09:14:29,962 INFO o.a.j.JMeter: java.version=1.8.0_201
2019-03-29 09:14:29,962 INFO o.a.j.JMeter: java.vm.name=OpenJDK 64-Bit Server VM
2019-03-29 09:14:29,962 INFO o.a.j.JMeter: os.name=Linux
2019-03-29 09:14:29,962 INFO o.a.j.JMeter: os.arch=amd64
2019-03-29 09:14:29,962 INFO o.a.j.JMeter: os.version=4.4.0-143-generic
2019-03-29 09:14:29,962 INFO o.a.j.JMeter: file.encoding=UTF-8
2019-03-29 09:14:29,962 INFO o.a.j.JMeter: java.awt.headless=true
2019-03-29 09:14:29,962 INFO o.a.j.JMeter: Max memory     =150994944
2019-03-29 09:14:29,963 INFO o.a.j.JMeter: Available Processors =4
2019-03-29 09:14:29,968 INFO o.a.j.JMeter: Default Locale=English (EN)
2019-03-29 09:14:29,969 INFO o.a.j.JMeter: JMeter  Locale=English (EN)
2019-03-29 09:14:29,969 INFO o.a.j.JMeter: JMeterHome=/opt/apache-jmeter-5.1
2019-03-29 09:14:29,969 INFO o.a.j.JMeter: user.dir  =/opt/apache-jmeter-5.1
2019-03-29 09:14:29,969 INFO o.a.j.JMeter: PWD       =/opt/apache-jmeter-5.1
2019-03-29 09:14:29,969 INFO o.a.j.JMeter: IP: 172.18.0.100 Name: 5ff963788efa FullName: 5ff963788efa
2019-03-29 09:14:29,984 INFO o.a.j.s.FileServer: Default base='/opt/apache-jmeter-5.1'
2019-03-29 09:14:29,997 INFO o.a.j.s.FileServer: Set new base='/mnt/jmeter/jmx'
2019-03-29 09:14:30,283 INFO o.a.j.s.SaveService: Testplan (JMX) version: 2.2. Testlog (JTL) version: 2.2
2019-03-29 09:14:30,329 INFO o.a.j.s.SaveService: Using SaveService properties file encoding UTF-8
2019-03-29 09:14:30,341 INFO o.a.j.s.SaveService: Using SaveService properties version 5.0
2019-03-29 09:14:30,348 INFO o.a.j.s.SaveService: Loading file: /mnt/jmeter/jmx/Weather.jmx
2019-03-29 09:14:30,567 INFO o.a.j.p.h.s.HTTPSamplerBase: Parser for text/html is org.apache.jmeter.protocol.http.parser.LagartoBasedHtmlParser
2019-03-29 09:14:30,568 INFO o.a.j.p.h.s.HTTPSamplerBase: Parser for application/xhtml+xml is org.apache.jmeter.protocol.http.parser.LagartoBasedHtmlParser
2019-03-29 09:14:30,568 INFO o.a.j.p.h.s.HTTPSamplerBase: Parser for application/xml is org.apache.jmeter.protocol.http.parser.LagartoBasedHtmlParser
2019-03-29 09:14:30,568 INFO o.a.j.p.h.s.HTTPSamplerBase: Parser for text/xml is org.apache.jmeter.protocol.http.parser.LagartoBasedHtmlParser
2019-03-29 09:14:30,568 INFO o.a.j.p.h.s.HTTPSamplerBase: Parser for text/vnd.wap.wml is org.apache.jmeter.protocol.http.parser.RegexpHTMLParser
2019-03-29 09:14:30,568 INFO o.a.j.p.h.s.HTTPSamplerBase: Parser for text/css is org.apache.jmeter.protocol.http.parser.CssParser
2019-03-29 09:14:30,594 INFO o.a.j.s.SampleResult: Note: Sample TimeStamps are START times
2019-03-29 09:14:30,594 INFO o.a.j.s.SampleResult: sampleresult.default.encoding is set to ISO-8859-1
2019-03-29 09:14:30,594 INFO o.a.j.s.SampleResult: sampleresult.useNanoTime=true
2019-03-29 09:14:30,594 INFO o.a.j.s.SampleResult: sampleresult.nanoThreadSleep=5000
2019-03-29 09:14:30,643 INFO o.a.j.JMeter: Creating summariser <summary>
2019-03-29 09:14:30,657 INFO o.a.j.e.DistributedRunner: Configuring remote engine: 172.18.0.2
2019-03-29 09:14:31,423 INFO o.a.j.e.DistributedRunner: Configuring remote engine: 172.18.0.3
2019-03-29 09:14:31,672 INFO o.a.j.e.DistributedRunner: Starting remote engines
2019-03-29 09:14:31,689 INFO o.a.j.e.DistributedRunner: Starting the test @ Fri Mar 29 09:14:31 CET 2019 (1553847271673)
2019-03-29 09:14:31,689 INFO o.a.j.e.ClientJMeterEngine: running clientengine run method
2019-03-29 09:14:31,695 INFO o.a.j.e.u.CompoundVariable: Note: Function class names must contain the string: '.functions.'
2019-03-29 09:14:31,695 INFO o.a.j.e.u.CompoundVariable: Note: Function class names must not contain the string: '.gui.'
2019-03-29 09:14:32,263 INFO o.a.j.r.RmiUtils: System property 'java.rmi.server.hostname' is not defined, using localHost address
2019-03-29 09:14:32,263 INFO o.a.j.r.RmiUtils: Local IP address=172.18.0.100
2019-03-29 09:14:32,266 INFO o.a.j.s.SampleEvent: List of sample_variables: []
2019-03-29 09:14:32,269 INFO o.a.j.r.SSLRMIServerSocketFactory: Created SSLSocket: [SSL: ServerSocket[addr=5ff963788efa/172.18.0.100,localport=7002]]
2019-03-29 09:14:32,274 INFO o.a.j.s.BatchSampleSender: Using batching (client settings) for this run. Thresholds: num=100, time=60000
2019-03-29 09:14:32,274 INFO o.a.j.s.DataStrippingSampleSender: Using DataStrippingSampleSender for this run
2019-03-29 09:14:32,274 INFO o.a.j.r.RmiUtils: System property 'java.rmi.server.hostname' is not defined, using localHost address
2019-03-29 09:14:32,274 INFO o.a.j.r.RmiUtils: Local IP address=172.18.0.100
2019-03-29 09:14:32,276 ERROR o.a.j.e.ConvertListeners: RemoteException occurred while replacing Remotable item.
java.rmi.server.ExportException: Listen failed on port: 7002; nested exception is: 
	java.io.IOException: Could not bind to 5ff963788efa/172.18.0.100 using port 7002
	at sun.rmi.transport.tcp.TCPTransport.listen(TCPTransport.java:348) ~[?:1.8.0_201]
	at sun.rmi.transport.tcp.TCPTransport.exportObject(TCPTransport.java:254) ~[?:1.8.0_201]
	at sun.rmi.transport.tcp.TCPEndpoint.exportObject(TCPEndpoint.java:411) ~[?:1.8.0_201]
	at sun.rmi.transport.LiveRef.exportObject(LiveRef.java:147) ~[?:1.8.0_201]
	at sun.rmi.server.UnicastServerRef.exportObject(UnicastServerRef.java:236) ~[?:1.8.0_201]
	at java.rmi.server.UnicastRemoteObject.exportObject(UnicastRemoteObject.java:383) ~[?:1.8.0_201]
	at java.rmi.server.UnicastRemoteObject.exportObject(UnicastRemoteObject.java:346) ~[?:1.8.0_201]
	at java.rmi.server.UnicastRemoteObject.<init>(UnicastRemoteObject.java:225) ~[?:1.8.0_201]
	at org.apache.jmeter.samplers.RemoteSampleListenerImpl.<init>(RemoteSampleListenerImpl.java:44) ~[ApacheJMeter_core.jar:5.1 r1853635]
	at org.apache.jmeter.engine.ConvertListeners.addNode(ConvertListeners.java:78) [ApacheJMeter_core.jar:5.1 r1853635]
	at org.apache.jorphan.collections.HashTree.traverse(HashTree.java:976) [jorphan.jar:5.1 r1853635]
	at org.apache.jmeter.engine.ClientJMeterEngine.runTest(ClientJMeterEngine.java:137) [ApacheJMeter_core.jar:5.1 r1853635]
	at org.apache.jmeter.engine.DistributedRunner.start(DistributedRunner.java:132) [ApacheJMeter_core.jar:5.1 r1853635]
	at org.apache.jmeter.engine.DistributedRunner.start(DistributedRunner.java:149) [ApacheJMeter_core.jar:5.1 r1853635]
	at org.apache.jmeter.JMeter.runNonGui(JMeter.java:1084) [ApacheJMeter_core.jar:5.1 r1853635]
	at org.apache.jmeter.JMeter.startNonGui(JMeter.java:986) [ApacheJMeter_core.jar:5.1 r1853635]
	at org.apache.jmeter.JMeter.start(JMeter.java:563) [ApacheJMeter_core.jar:5.1 r1853635]
	at sun.reflect.NativeMethodAccessorImpl.invoke0(Native Method) ~[?:1.8.0_201]
	at sun.reflect.NativeMethodAccessorImpl.invoke(NativeMethodAccessorImpl.java:62) ~[?:1.8.0_201]
	at sun.reflect.DelegatingMethodAccessorImpl.invoke(DelegatingMethodAccessorImpl.java:43) ~[?:1.8.0_201]
	at java.lang.reflect.Method.invoke(Method.java:498) ~[?:1.8.0_201]
	at org.apache.jmeter.NewDriver.main(NewDriver.java:253) [ApacheJMeter.jar:5.1 r1853635]
Caused by: java.io.IOException: Could not bind to 5ff963788efa/172.18.0.100 using port 7002
	at org.apache.jmeter.rmi.SSLRMIServerSocketFactory.createServerSocket(SSLRMIServerSocketFactory.java:139) ~[ApacheJMeter_core.jar:5.1 r1853635]
	at sun.rmi.transport.tcp.TCPEndpoint.newServerSocket(TCPEndpoint.java:666) ~[?:1.8.0_201]
	at sun.rmi.transport.tcp.TCPTransport.listen(TCPTransport.java:335) ~[?:1.8.0_201]
	... 21 more
Caused by: java.net.BindException: Address in use (Bind failed)
	at java.net.PlainSocketImpl.socketBind(Native Method) ~[?:1.8.0_201]
	at java.net.AbstractPlainSocketImpl.bind(AbstractPlainSocketImpl.java:387) ~[?:1.8.0_201]
	at java.net.ServerSocket.bind(ServerSocket.java:375) ~[?:1.8.0_201]
	at java.net.ServerSocket.<init>(ServerSocket.java:237) ~[?:1.8.0_201]
	at javax.net.ssl.SSLServerSocket.<init>(SSLServerSocket.java:181) ~[?:1.8.0_201]
	at sun.security.ssl.SSLServerSocketImpl.<init>(SSLServerSocketImpl.java:140) ~[?:1.8.0_201]
	at sun.security.ssl.SSLServerSocketFactoryImpl.createServerSocket(SSLServerSocketFactoryImpl.java:95) ~[?:1.8.0_201]
	at org.apache.jmeter.rmi.SSLRMIServerSocketFactory.createServerSocket(SSLRMIServerSocketFactory.java:137) ~[ApacheJMeter_core.jar:5.1 r1853635]
	at sun.rmi.transport.tcp.TCPEndpoint.newServerSocket(TCPEndpoint.java:666) ~[?:1.8.0_201]
	at sun.rmi.transport.tcp.TCPTransport.listen(TCPTransport.java:335) ~[?:1.8.0_201]
	... 21 more
2019-03-29 09:14:32,290 INFO o.a.j.r.RmiUtils: System property 'java.rmi.server.hostname' is not defined, using localHost address
2019-03-29 09:14:32,291 INFO o.a.j.r.RmiUtils: Local IP address=172.18.0.100
2019-03-29 09:14:32,294 INFO o.a.j.r.SSLRMIServerSocketFactory: Created SSLSocket: [SSL: ServerSocket[addr=5ff963788efa/172.18.0.100,localport=7001]]
2019-03-29 09:14:33,207 INFO o.a.j.r.RmiUtils: System property 'java.rmi.server.hostname' is not defined, using localHost address
2019-03-29 09:14:33,208 INFO o.a.j.r.RmiUtils: Local IP address=172.18.0.100
2019-03-29 09:14:33,213 ERROR o.a.j.e.ConvertListeners: RemoteException occurred while replacing Remotable item.
java.rmi.server.ExportException: Listen failed on port: 7002; nested exception is: 
	java.io.IOException: Could not bind to 5ff963788efa/172.18.0.100 using port 7002
	at sun.rmi.transport.tcp.TCPTransport.listen(TCPTransport.java:348) ~[?:1.8.0_201]
	at sun.rmi.transport.tcp.TCPTransport.exportObject(TCPTransport.java:254) ~[?:1.8.0_201]
	at sun.rmi.transport.tcp.TCPEndpoint.exportObject(TCPEndpoint.java:411) ~[?:1.8.0_201]
	at sun.rmi.transport.LiveRef.exportObject(LiveRef.java:147) ~[?:1.8.0_201]
	at sun.rmi.server.UnicastServerRef.exportObject(UnicastServerRef.java:236) ~[?:1.8.0_201]
	at java.rmi.server.UnicastRemoteObject.exportObject(UnicastRemoteObject.java:383) ~[?:1.8.0_201]
	at java.rmi.server.UnicastRemoteObject.exportObject(UnicastRemoteObject.java:346) ~[?:1.8.0_201]
	at java.rmi.server.UnicastRemoteObject.<init>(UnicastRemoteObject.java:225) ~[?:1.8.0_201]
	at org.apache.jmeter.samplers.RemoteSampleListenerImpl.<init>(RemoteSampleListenerImpl.java:44) ~[ApacheJMeter_core.jar:5.1 r1853635]
	at org.apache.jmeter.engine.ConvertListeners.addNode(ConvertListeners.java:78) [ApacheJMeter_core.jar:5.1 r1853635]
	at org.apache.jorphan.collections.HashTree.traverse(HashTree.java:976) [jorphan.jar:5.1 r1853635]
	at org.apache.jmeter.engine.ClientJMeterEngine.runTest(ClientJMeterEngine.java:137) [ApacheJMeter_core.jar:5.1 r1853635]
	at org.apache.jmeter.engine.DistributedRunner.start(DistributedRunner.java:132) [ApacheJMeter_core.jar:5.1 r1853635]
	at org.apache.jmeter.engine.DistributedRunner.start(DistributedRunner.java:149) [ApacheJMeter_core.jar:5.1 r1853635]
	at org.apache.jmeter.JMeter.runNonGui(JMeter.java:1084) [ApacheJMeter_core.jar:5.1 r1853635]
	at org.apache.jmeter.JMeter.startNonGui(JMeter.java:986) [ApacheJMeter_core.jar:5.1 r1853635]
	at org.apache.jmeter.JMeter.start(JMeter.java:563) [ApacheJMeter_core.jar:5.1 r1853635]
	at sun.reflect.NativeMethodAccessorImpl.invoke0(Native Method) ~[?:1.8.0_201]
	at sun.reflect.NativeMethodAccessorImpl.invoke(NativeMethodAccessorImpl.java:62) ~[?:1.8.0_201]
	at sun.reflect.DelegatingMethodAccessorImpl.invoke(DelegatingMethodAccessorImpl.java:43) ~[?:1.8.0_201]
	at java.lang.reflect.Method.invoke(Method.java:498) ~[?:1.8.0_201]
	at org.apache.jmeter.NewDriver.main(NewDriver.java:253) [ApacheJMeter.jar:5.1 r1853635]
Caused by: java.io.IOException: Could not bind to 5ff963788efa/172.18.0.100 using port 7002
	at org.apache.jmeter.rmi.SSLRMIServerSocketFactory.createServerSocket(SSLRMIServerSocketFactory.java:139) ~[ApacheJMeter_core.jar:5.1 r1853635]
	at sun.rmi.transport.tcp.TCPEndpoint.newServerSocket(TCPEndpoint.java:666) ~[?:1.8.0_201]
	at sun.rmi.transport.tcp.TCPTransport.listen(TCPTransport.java:335) ~[?:1.8.0_201]
	... 21 more
Caused by: java.net.BindException: Address in use (Bind failed)
	at java.net.PlainSocketImpl.socketBind(Native Method) ~[?:1.8.0_201]
	at java.net.AbstractPlainSocketImpl.bind(AbstractPlainSocketImpl.java:387) ~[?:1.8.0_201]
	at java.net.ServerSocket.bind(ServerSocket.java:375) ~[?:1.8.0_201]
	at java.net.ServerSocket.<init>(ServerSocket.java:237) ~[?:1.8.0_201]
	at javax.net.ssl.SSLServerSocket.<init>(SSLServerSocket.java:181) ~[?:1.8.0_201]
	at sun.security.ssl.SSLServerSocketImpl.<init>(SSLServerSocketImpl.java:140) ~[?:1.8.0_201]
	at sun.security.ssl.SSLServerSocketFactoryImpl.createServerSocket(SSLServerSocketFactoryImpl.java:95) ~[?:1.8.0_201]
	at org.apache.jmeter.rmi.SSLRMIServerSocketFactory.createServerSocket(SSLRMIServerSocketFactory.java:137) ~[ApacheJMeter_core.jar:5.1 r1853635]
	at sun.rmi.transport.tcp.TCPEndpoint.newServerSocket(TCPEndpoint.java:666) ~[?:1.8.0_201]
	at sun.rmi.transport.tcp.TCPTransport.listen(TCPTransport.java:335) ~[?:1.8.0_201]
	... 21 more
2019-03-29 09:14:33,492 ERROR o.a.j.e.ClientJMeterEngine: Error in rconfigure() method
java.rmi.MarshalException: error marshalling arguments; nested exception is: 
	java.io.NotSerializableException: org.apache.jmeter.JMeter$ListenToTest
	at sun.rmi.server.UnicastRef.invoke(UnicastRef.java:157) ~[?:1.8.0_201]
	at java.rmi.server.RemoteObjectInvocationHandler.invokeRemoteMethod(RemoteObjectInvocationHandler.java:227) ~[?:1.8.0_201]
	at java.rmi.server.RemoteObjectInvocationHandler.invoke(RemoteObjectInvocationHandler.java:179) ~[?:1.8.0_201]
	at com.sun.proxy.$Proxy19.rconfigure(Unknown Source) ~[?:?]
	at org.apache.jmeter.engine.ClientJMeterEngine.runTest(ClientJMeterEngine.java:153) [ApacheJMeter_core.jar:5.1 r1853635]
	at org.apache.jmeter.engine.DistributedRunner.start(DistributedRunner.java:132) [ApacheJMeter_core.jar:5.1 r1853635]
	at org.apache.jmeter.engine.DistributedRunner.start(DistributedRunner.java:149) [ApacheJMeter_core.jar:5.1 r1853635]
	at org.apache.jmeter.JMeter.runNonGui(JMeter.java:1084) [ApacheJMeter_core.jar:5.1 r1853635]
	at org.apache.jmeter.JMeter.startNonGui(JMeter.java:986) [ApacheJMeter_core.jar:5.1 r1853635]
	at org.apache.jmeter.JMeter.start(JMeter.java:563) [ApacheJMeter_core.jar:5.1 r1853635]
	at sun.reflect.NativeMethodAccessorImpl.invoke0(Native Method) ~[?:1.8.0_201]
	at sun.reflect.NativeMethodAccessorImpl.invoke(NativeMethodAccessorImpl.java:62) ~[?:1.8.0_201]
	at sun.reflect.DelegatingMethodAccessorImpl.invoke(DelegatingMethodAccessorImpl.java:43) ~[?:1.8.0_201]
	at java.lang.reflect.Method.invoke(Method.java:498) ~[?:1.8.0_201]
	at org.apache.jmeter.NewDriver.main(NewDriver.java:253) [ApacheJMeter.jar:5.1 r1853635]
Caused by: java.io.NotSerializableException: org.apache.jmeter.JMeter$ListenToTest
	at java.io.ObjectOutputStream.writeObject0(ObjectOutputStream.java:1184) ~[?:1.8.0_201]
	at java.io.ObjectOutputStream.writeObject(ObjectOutputStream.java:348) ~[?:1.8.0_201]
	at java.util.HashMap.internalWriteEntries(HashMap.java:1792) ~[?:1.8.0_201]
	at java.util.HashMap.writeObject(HashMap.java:1363) ~[?:1.8.0_201]
	at sun.reflect.NativeMethodAccessorImpl.invoke0(Native Method) ~[?:1.8.0_201]
	at sun.reflect.NativeMethodAccessorImpl.invoke(NativeMethodAccessorImpl.java:62) ~[?:1.8.0_201]
	at sun.reflect.DelegatingMethodAccessorImpl.invoke(DelegatingMethodAccessorImpl.java:43) ~[?:1.8.0_201]
	at java.lang.reflect.Method.invoke(Method.java:498) ~[?:1.8.0_201]
	at java.io.ObjectStreamClass.invokeWriteObject(ObjectStreamClass.java:1140) ~[?:1.8.0_201]
	at java.io.ObjectOutputStream.writeSerialData(ObjectOutputStream.java:1496) ~[?:1.8.0_201]
	at java.io.ObjectOutputStream.writeOrdinaryObject(ObjectOutputStream.java:1432) ~[?:1.8.0_201]
	at java.io.ObjectOutputStream.writeObject0(ObjectOutputStream.java:1178) ~[?:1.8.0_201]
	at java.io.ObjectOutputStream.defaultWriteFields(ObjectOutputStream.java:1548) ~[?:1.8.0_201]
	at java.io.ObjectOutputStream.defaultWriteObject(ObjectOutputStream.java:441) ~[?:1.8.0_201]
	at org.apache.jorphan.collections.HashTree.writeObject(HashTree.java:952) ~[jorphan.jar:5.1 r1853635]
	at sun.reflect.NativeMethodAccessorImpl.invoke0(Native Method) ~[?:1.8.0_201]
	at sun.reflect.NativeMethodAccessorImpl.invoke(NativeMethodAccessorImpl.java:62) ~[?:1.8.0_201]
	at sun.reflect.DelegatingMethodAccessorImpl.invoke(DelegatingMethodAccessorImpl.java:43) ~[?:1.8.0_201]
	at java.lang.reflect.Method.invoke(Method.java:498) ~[?:1.8.0_201]
	at java.io.ObjectStreamClass.invokeWriteObject(ObjectStreamClass.java:1140) ~[?:1.8.0_201]
	at java.io.ObjectOutputStream.writeSerialData(ObjectOutputStream.java:1496) ~[?:1.8.0_201]
	at java.io.ObjectOutputStream.writeOrdinaryObject(ObjectOutputStream.java:1432) ~[?:1.8.0_201]
	at java.io.ObjectOutputStream.writeObject0(ObjectOutputStream.java:1178) ~[?:1.8.0_201]
	at java.io.ObjectOutputStream.writeObject(ObjectOutputStream.java:348) ~[?:1.8.0_201]
	at java.util.HashMap.internalWriteEntries(HashMap.java:1793) ~[?:1.8.0_201]
	at java.util.HashMap.writeObject(HashMap.java:1363) ~[?:1.8.0_201]
	at sun.reflect.NativeMethodAccessorImpl.invoke0(Native Method) ~[?:1.8.0_201]
	at sun.reflect.NativeMethodAccessorImpl.invoke(NativeMethodAccessorImpl.java:62) ~[?:1.8.0_201]
	at sun.reflect.DelegatingMethodAccessorImpl.invoke(DelegatingMethodAccessorImpl.java:43) ~[?:1.8.0_201]
	at java.lang.reflect.Method.invoke(Method.java:498) ~[?:1.8.0_201]
	at java.io.ObjectStreamClass.invokeWriteObject(ObjectStreamClass.java:1140) ~[?:1.8.0_201]
	at java.io.ObjectOutputStream.writeSerialData(ObjectOutputStream.java:1496) ~[?:1.8.0_201]
	at java.io.ObjectOutputStream.writeOrdinaryObject(ObjectOutputStream.java:1432) ~[?:1.8.0_201]
	at java.io.ObjectOutputStream.writeObject0(ObjectOutputStream.java:1178) ~[?:1.8.0_201]
	at java.io.ObjectOutputStream.defaultWriteFields(ObjectOutputStream.java:1548) ~[?:1.8.0_201]
	at java.io.ObjectOutputStream.defaultWriteObject(ObjectOutputStream.java:441) ~[?:1.8.0_201]
	at org.apache.jorphan.collections.HashTree.writeObject(HashTree.java:952) ~[jorphan.jar:5.1 r1853635]
	at sun.reflect.NativeMethodAccessorImpl.invoke0(Native Method) ~[?:1.8.0_201]
	at sun.reflect.NativeMethodAccessorImpl.invoke(NativeMethodAccessorImpl.java:62) ~[?:1.8.0_201]
	at sun.reflect.DelegatingMethodAccessorImpl.invoke(DelegatingMethodAccessorImpl.java:43) ~[?:1.8.0_201]
	at java.lang.reflect.Method.invoke(Method.java:498) ~[?:1.8.0_201]
	at java.io.ObjectStreamClass.invokeWriteObject(ObjectStreamClass.java:1140) ~[?:1.8.0_201]
	at java.io.ObjectOutputStream.writeSerialData(ObjectOutputStream.java:1496) ~[?:1.8.0_201]
	at java.io.ObjectOutputStream.writeOrdinaryObject(ObjectOutputStream.java:1432) ~[?:1.8.0_201]
	at java.io.ObjectOutputStream.writeObject0(ObjectOutputStream.java:1178) ~[?:1.8.0_201]
	at java.io.ObjectOutputStream.writeObject(ObjectOutputStream.java:348) ~[?:1.8.0_201]
	at sun.rmi.server.UnicastRef.marshalValue(UnicastRef.java:290) ~[?:1.8.0_201]
	at sun.rmi.server.UnicastRef.invoke(UnicastRef.java:152) ~[?:1.8.0_201]
	... 14 more
2019-03-29 09:14:33,498 INFO o.a.j.e.ClientJMeterEngine: Interrupting RMI Reaper
2019-03-29 09:14:33,499 ERROR o.a.j.u.JMeterUtils: Error in rconfigure() method java.rmi.MarshalException: error marshalling arguments; nested exception is: 
	java.io.NotSerializableException: org.apache.jmeter.JMeter$ListenToTest
2019-03-29 09:14:33,500 INFO o.a.j.e.ClientJMeterEngine: running clientengine run method
2019-03-29 09:14:33,501 INFO o.a.j.r.RmiUtils: System property 'java.rmi.server.hostname' is not defined, using localHost address
2019-03-29 09:14:33,501 INFO o.a.j.r.RmiUtils: Local IP address=172.18.0.100
2019-03-29 09:14:33,503 ERROR o.a.j.e.ConvertListeners: RemoteException occurred while replacing Remotable item.
java.rmi.server.ExportException: Listen failed on port: 7002; nested exception is: 
	java.io.IOException: Could not bind to 5ff963788efa/172.18.0.100 using port 7002
	at sun.rmi.transport.tcp.TCPTransport.listen(TCPTransport.java:348) ~[?:1.8.0_201]
	at sun.rmi.transport.tcp.TCPTransport.exportObject(TCPTransport.java:254) ~[?:1.8.0_201]
	at sun.rmi.transport.tcp.TCPEndpoint.exportObject(TCPEndpoint.java:411) ~[?:1.8.0_201]
	at sun.rmi.transport.LiveRef.exportObject(LiveRef.java:147) ~[?:1.8.0_201]
	at sun.rmi.server.UnicastServerRef.exportObject(UnicastServerRef.java:236) ~[?:1.8.0_201]
	at java.rmi.server.UnicastRemoteObject.exportObject(UnicastRemoteObject.java:383) ~[?:1.8.0_201]
	at java.rmi.server.UnicastRemoteObject.exportObject(UnicastRemoteObject.java:346) ~[?:1.8.0_201]
	at java.rmi.server.UnicastRemoteObject.<init>(UnicastRemoteObject.java:225) ~[?:1.8.0_201]
	at org.apache.jmeter.samplers.RemoteSampleListenerImpl.<init>(RemoteSampleListenerImpl.java:44) ~[ApacheJMeter_core.jar:5.1 r1853635]
	at org.apache.jmeter.engine.ConvertListeners.addNode(ConvertListeners.java:78) [ApacheJMeter_core.jar:5.1 r1853635]
	at org.apache.jorphan.collections.HashTree.traverse(HashTree.java:976) [jorphan.jar:5.1 r1853635]
	at org.apache.jmeter.engine.ClientJMeterEngine.runTest(ClientJMeterEngine.java:137) [ApacheJMeter_core.jar:5.1 r1853635]
	at org.apache.jmeter.engine.DistributedRunner.start(DistributedRunner.java:132) [ApacheJMeter_core.jar:5.1 r1853635]
	at org.apache.jmeter.engine.DistributedRunner.start(DistributedRunner.java:149) [ApacheJMeter_core.jar:5.1 r1853635]
	at org.apache.jmeter.JMeter.runNonGui(JMeter.java:1084) [ApacheJMeter_core.jar:5.1 r1853635]
	at org.apache.jmeter.JMeter.startNonGui(JMeter.java:986) [ApacheJMeter_core.jar:5.1 r1853635]
	at org.apache.jmeter.JMeter.start(JMeter.java:563) [ApacheJMeter_core.jar:5.1 r1853635]
	at sun.reflect.NativeMethodAccessorImpl.invoke0(Native Method) ~[?:1.8.0_201]
	at sun.reflect.NativeMethodAccessorImpl.invoke(NativeMethodAccessorImpl.java:62) ~[?:1.8.0_201]
	at sun.reflect.DelegatingMethodAccessorImpl.invoke(DelegatingMethodAccessorImpl.java:43) ~[?:1.8.0_201]
	at java.lang.reflect.Method.invoke(Method.java:498) ~[?:1.8.0_201]
	at org.apache.jmeter.NewDriver.main(NewDriver.java:253) [ApacheJMeter.jar:5.1 r1853635]
Caused by: java.io.IOException: Could not bind to 5ff963788efa/172.18.0.100 using port 7002
	at org.apache.jmeter.rmi.SSLRMIServerSocketFactory.createServerSocket(SSLRMIServerSocketFactory.java:139) ~[ApacheJMeter_core.jar:5.1 r1853635]
	at sun.rmi.transport.tcp.TCPEndpoint.newServerSocket(TCPEndpoint.java:666) ~[?:1.8.0_201]
	at sun.rmi.transport.tcp.TCPTransport.listen(TCPTransport.java:335) ~[?:1.8.0_201]
	... 21 more
Caused by: java.net.BindException: Address in use (Bind failed)
	at java.net.PlainSocketImpl.socketBind(Native Method) ~[?:1.8.0_201]
	at java.net.AbstractPlainSocketImpl.bind(AbstractPlainSocketImpl.java:387) ~[?:1.8.0_201]
	at java.net.ServerSocket.bind(ServerSocket.java:375) ~[?:1.8.0_201]
	at java.net.ServerSocket.<init>(ServerSocket.java:237) ~[?:1.8.0_201]
	at javax.net.ssl.SSLServerSocket.<init>(SSLServerSocket.java:181) ~[?:1.8.0_201]
	at sun.security.ssl.SSLServerSocketImpl.<init>(SSLServerSocketImpl.java:140) ~[?:1.8.0_201]
	at sun.security.ssl.SSLServerSocketFactoryImpl.createServerSocket(SSLServerSocketFactoryImpl.java:95) ~[?:1.8.0_201]
	at org.apache.jmeter.rmi.SSLRMIServerSocketFactory.createServerSocket(SSLRMIServerSocketFactory.java:137) ~[ApacheJMeter_core.jar:5.1 r1853635]
	at sun.rmi.transport.tcp.TCPEndpoint.newServerSocket(TCPEndpoint.java:666) ~[?:1.8.0_201]
	at sun.rmi.transport.tcp.TCPTransport.listen(TCPTransport.java:335) ~[?:1.8.0_201]
	... 21 more
2019-03-29 09:14:33,504 INFO o.a.j.r.RmiUtils: System property 'java.rmi.server.hostname' is not defined, using localHost address
2019-03-29 09:14:33,505 INFO o.a.j.r.RmiUtils: Local IP address=172.18.0.100
2019-03-29 09:14:33,506 ERROR o.a.j.e.ConvertListeners: RemoteException occurred while replacing Remotable item.
java.rmi.server.ExportException: Listen failed on port: 7002; nested exception is: 
	java.io.IOException: Could not bind to 5ff963788efa/172.18.0.100 using port 7002
	at sun.rmi.transport.tcp.TCPTransport.listen(TCPTransport.java:348) ~[?:1.8.0_201]
	at sun.rmi.transport.tcp.TCPTransport.exportObject(TCPTransport.java:254) ~[?:1.8.0_201]
	at sun.rmi.transport.tcp.TCPEndpoint.exportObject(TCPEndpoint.java:411) ~[?:1.8.0_201]
	at sun.rmi.transport.LiveRef.exportObject(LiveRef.java:147) ~[?:1.8.0_201]
	at sun.rmi.server.UnicastServerRef.exportObject(UnicastServerRef.java:236) ~[?:1.8.0_201]
	at java.rmi.server.UnicastRemoteObject.exportObject(UnicastRemoteObject.java:383) ~[?:1.8.0_201]
	at java.rmi.server.UnicastRemoteObject.exportObject(UnicastRemoteObject.java:346) ~[?:1.8.0_201]
	at java.rmi.server.UnicastRemoteObject.<init>(UnicastRemoteObject.java:225) ~[?:1.8.0_201]
	at org.apache.jmeter.samplers.RemoteSampleListenerImpl.<init>(RemoteSampleListenerImpl.java:44) ~[ApacheJMeter_core.jar:5.1 r1853635]
	at org.apache.jmeter.engine.ConvertListeners.addNode(ConvertListeners.java:78) [ApacheJMeter_core.jar:5.1 r1853635]
	at org.apache.jorphan.collections.HashTree.traverse(HashTree.java:976) [jorphan.jar:5.1 r1853635]
	at org.apache.jmeter.engine.ClientJMeterEngine.runTest(ClientJMeterEngine.java:137) [ApacheJMeter_core.jar:5.1 r1853635]
	at org.apache.jmeter.engine.DistributedRunner.start(DistributedRunner.java:132) [ApacheJMeter_core.jar:5.1 r1853635]
	at org.apache.jmeter.engine.DistributedRunner.start(DistributedRunner.java:149) [ApacheJMeter_core.jar:5.1 r1853635]
	at org.apache.jmeter.JMeter.runNonGui(JMeter.java:1084) [ApacheJMeter_core.jar:5.1 r1853635]
	at org.apache.jmeter.JMeter.startNonGui(JMeter.java:986) [ApacheJMeter_core.jar:5.1 r1853635]
	at org.apache.jmeter.JMeter.start(JMeter.java:563) [ApacheJMeter_core.jar:5.1 r1853635]
	at sun.reflect.NativeMethodAccessorImpl.invoke0(Native Method) ~[?:1.8.0_201]
	at sun.reflect.NativeMethodAccessorImpl.invoke(NativeMethodAccessorImpl.java:62) ~[?:1.8.0_201]
	at sun.reflect.DelegatingMethodAccessorImpl.invoke(DelegatingMethodAccessorImpl.java:43) ~[?:1.8.0_201]
	at java.lang.reflect.Method.invoke(Method.java:498) ~[?:1.8.0_201]
	at org.apache.jmeter.NewDriver.main(NewDriver.java:253) [ApacheJMeter.jar:5.1 r1853635]
Caused by: java.io.IOException: Could not bind to 5ff963788efa/172.18.0.100 using port 7002
	at org.apache.jmeter.rmi.SSLRMIServerSocketFactory.createServerSocket(SSLRMIServerSocketFactory.java:139) ~[ApacheJMeter_core.jar:5.1 r1853635]
	at sun.rmi.transport.tcp.TCPEndpoint.newServerSocket(TCPEndpoint.java:666) ~[?:1.8.0_201]
	at sun.rmi.transport.tcp.TCPTransport.listen(TCPTransport.java:335) ~[?:1.8.0_201]
	... 21 more
Caused by: java.net.BindException: Address in use (Bind failed)
	at java.net.PlainSocketImpl.socketBind(Native Method) ~[?:1.8.0_201]
	at java.net.AbstractPlainSocketImpl.bind(AbstractPlainSocketImpl.java:387) ~[?:1.8.0_201]
	at java.net.ServerSocket.bind(ServerSocket.java:375) ~[?:1.8.0_201]
	at java.net.ServerSocket.<init>(ServerSocket.java:237) ~[?:1.8.0_201]
	at javax.net.ssl.SSLServerSocket.<init>(SSLServerSocket.java:181) ~[?:1.8.0_201]
	at sun.security.ssl.SSLServerSocketImpl.<init>(SSLServerSocketImpl.java:140) ~[?:1.8.0_201]
	at sun.security.ssl.SSLServerSocketFactoryImpl.createServerSocket(SSLServerSocketFactoryImpl.java:95) ~[?:1.8.0_201]
	at org.apache.jmeter.rmi.SSLRMIServerSocketFactory.createServerSocket(SSLRMIServerSocketFactory.java:137) ~[ApacheJMeter_core.jar:5.1 r1853635]
	at sun.rmi.transport.tcp.TCPEndpoint.newServerSocket(TCPEndpoint.java:666) ~[?:1.8.0_201]
	at sun.rmi.transport.tcp.TCPTransport.listen(TCPTransport.java:335) ~[?:1.8.0_201]
	... 21 more
2019-03-29 09:14:33,508 INFO o.a.j.r.RmiUtils: System property 'java.rmi.server.hostname' is not defined, using localHost address
2019-03-29 09:14:33,508 INFO o.a.j.r.RmiUtils: Local IP address=172.18.0.100
2019-03-29 09:14:33,510 ERROR o.a.j.e.ConvertListeners: Error replacing class org.apache.jmeter.threads.RemoteThreadsListenerTestElement by wrapper: class org.apache.jmeter.threads.RemoteThreadsListenerWrapper
java.rmi.server.ExportException: Listen failed on port: 7001; nested exception is: 
	java.io.IOException: Could not bind to 5ff963788efa/172.18.0.100 using port 7001
	at sun.rmi.transport.tcp.TCPTransport.listen(TCPTransport.java:348) ~[?:1.8.0_201]
	at sun.rmi.transport.tcp.TCPTransport.exportObject(TCPTransport.java:254) ~[?:1.8.0_201]
	at sun.rmi.transport.tcp.TCPEndpoint.exportObject(TCPEndpoint.java:411) ~[?:1.8.0_201]
	at sun.rmi.transport.LiveRef.exportObject(LiveRef.java:147) ~[?:1.8.0_201]
	at sun.rmi.server.UnicastServerRef.exportObject(UnicastServerRef.java:236) ~[?:1.8.0_201]
	at java.rmi.server.UnicastRemoteObject.exportObject(UnicastRemoteObject.java:383) ~[?:1.8.0_201]
	at java.rmi.server.UnicastRemoteObject.exportObject(UnicastRemoteObject.java:346) ~[?:1.8.0_201]
	at java.rmi.server.UnicastRemoteObject.<init>(UnicastRemoteObject.java:225) ~[?:1.8.0_201]
	at org.apache.jmeter.threads.RemoteThreadsListenerImpl.<init>(RemoteThreadsListenerImpl.java:59) ~[ApacheJMeter_core.jar:5.1 r1853635]
	at org.apache.jmeter.engine.ConvertListeners.addNode(ConvertListeners.java:64) [ApacheJMeter_core.jar:5.1 r1853635]
	at org.apache.jorphan.collections.HashTree.traverse(HashTree.java:976) [jorphan.jar:5.1 r1853635]
	at org.apache.jmeter.engine.ClientJMeterEngine.runTest(ClientJMeterEngine.java:137) [ApacheJMeter_core.jar:5.1 r1853635]
	at org.apache.jmeter.engine.DistributedRunner.start(DistributedRunner.java:132) [ApacheJMeter_core.jar:5.1 r1853635]
	at org.apache.jmeter.engine.DistributedRunner.start(DistributedRunner.java:149) [ApacheJMeter_core.jar:5.1 r1853635]
	at org.apache.jmeter.JMeter.runNonGui(JMeter.java:1084) [ApacheJMeter_core.jar:5.1 r1853635]
	at org.apache.jmeter.JMeter.startNonGui(JMeter.java:986) [ApacheJMeter_core.jar:5.1 r1853635]
	at org.apache.jmeter.JMeter.start(JMeter.java:563) [ApacheJMeter_core.jar:5.1 r1853635]
	at sun.reflect.NativeMethodAccessorImpl.invoke0(Native Method) ~[?:1.8.0_201]
	at sun.reflect.NativeMethodAccessorImpl.invoke(NativeMethodAccessorImpl.java:62) ~[?:1.8.0_201]
	at sun.reflect.DelegatingMethodAccessorImpl.invoke(DelegatingMethodAccessorImpl.java:43) ~[?:1.8.0_201]
	at java.lang.reflect.Method.invoke(Method.java:498) ~[?:1.8.0_201]
	at org.apache.jmeter.NewDriver.main(NewDriver.java:253) [ApacheJMeter.jar:5.1 r1853635]
Caused by: java.io.IOException: Could not bind to 5ff963788efa/172.18.0.100 using port 7001
	at org.apache.jmeter.rmi.SSLRMIServerSocketFactory.createServerSocket(SSLRMIServerSocketFactory.java:139) ~[ApacheJMeter_core.jar:5.1 r1853635]
	at sun.rmi.transport.tcp.TCPEndpoint.newServerSocket(TCPEndpoint.java:666) ~[?:1.8.0_201]
	at sun.rmi.transport.tcp.TCPTransport.listen(TCPTransport.java:335) ~[?:1.8.0_201]
	... 21 more
Caused by: java.net.BindException: Address in use (Bind failed)
	at java.net.PlainSocketImpl.socketBind(Native Method) ~[?:1.8.0_201]
	at java.net.AbstractPlainSocketImpl.bind(AbstractPlainSocketImpl.java:387) ~[?:1.8.0_201]
	at java.net.ServerSocket.bind(ServerSocket.java:375) ~[?:1.8.0_201]
	at java.net.ServerSocket.<init>(ServerSocket.java:237) ~[?:1.8.0_201]
	at javax.net.ssl.SSLServerSocket.<init>(SSLServerSocket.java:181) ~[?:1.8.0_201]
	at sun.security.ssl.SSLServerSocketImpl.<init>(SSLServerSocketImpl.java:140) ~[?:1.8.0_201]
	at sun.security.ssl.SSLServerSocketFactoryImpl.createServerSocket(SSLServerSocketFactoryImpl.java:95) ~[?:1.8.0_201]
	at org.apache.jmeter.rmi.SSLRMIServerSocketFactory.createServerSocket(SSLRMIServerSocketFactory.java:137) ~[ApacheJMeter_core.jar:5.1 r1853635]
	at sun.rmi.transport.tcp.TCPEndpoint.newServerSocket(TCPEndpoint.java:666) ~[?:1.8.0_201]
	at sun.rmi.transport.tcp.TCPTransport.listen(TCPTransport.java:335) ~[?:1.8.0_201]
	... 21 more
2019-03-29 09:14:33,511 INFO o.a.j.r.RmiUtils: System property 'java.rmi.server.hostname' is not defined, using localHost address
2019-03-29 09:14:33,511 INFO o.a.j.r.RmiUtils: Local IP address=172.18.0.100
2019-03-29 09:14:33,514 ERROR o.a.j.e.ConvertListeners: RemoteException occurred while replacing Remotable item.
java.rmi.server.ExportException: Listen failed on port: 7002; nested exception is: 
	java.io.IOException: Could not bind to 5ff963788efa/172.18.0.100 using port 7002
	at sun.rmi.transport.tcp.TCPTransport.listen(TCPTransport.java:348) ~[?:1.8.0_201]
	at sun.rmi.transport.tcp.TCPTransport.exportObject(TCPTransport.java:254) ~[?:1.8.0_201]
	at sun.rmi.transport.tcp.TCPEndpoint.exportObject(TCPEndpoint.java:411) ~[?:1.8.0_201]
	at sun.rmi.transport.LiveRef.exportObject(LiveRef.java:147) ~[?:1.8.0_201]
	at sun.rmi.server.UnicastServerRef.exportObject(UnicastServerRef.java:236) ~[?:1.8.0_201]
	at java.rmi.server.UnicastRemoteObject.exportObject(UnicastRemoteObject.java:383) ~[?:1.8.0_201]
	at java.rmi.server.UnicastRemoteObject.exportObject(UnicastRemoteObject.java:346) ~[?:1.8.0_201]
	at java.rmi.server.UnicastRemoteObject.<init>(UnicastRemoteObject.java:225) ~[?:1.8.0_201]
	at org.apache.jmeter.samplers.RemoteSampleListenerImpl.<init>(RemoteSampleListenerImpl.java:44) ~[ApacheJMeter_core.jar:5.1 r1853635]
	at org.apache.jmeter.engine.ConvertListeners.addNode(ConvertListeners.java:78) [ApacheJMeter_core.jar:5.1 r1853635]
	at org.apache.jorphan.collections.HashTree.traverse(HashTree.java:976) [jorphan.jar:5.1 r1853635]
	at org.apache.jmeter.engine.ClientJMeterEngine.runTest(ClientJMeterEngine.java:137) [ApacheJMeter_core.jar:5.1 r1853635]
	at org.apache.jmeter.engine.DistributedRunner.start(DistributedRunner.java:132) [ApacheJMeter_core.jar:5.1 r1853635]
	at org.apache.jmeter.engine.DistributedRunner.start(DistributedRunner.java:149) [ApacheJMeter_core.jar:5.1 r1853635]
	at org.apache.jmeter.JMeter.runNonGui(JMeter.java:1084) [ApacheJMeter_core.jar:5.1 r1853635]
	at org.apache.jmeter.JMeter.startNonGui(JMeter.java:986) [ApacheJMeter_core.jar:5.1 r1853635]
	at org.apache.jmeter.JMeter.start(JMeter.java:563) [ApacheJMeter_core.jar:5.1 r1853635]
	at sun.reflect.NativeMethodAccessorImpl.invoke0(Native Method) ~[?:1.8.0_201]
	at sun.reflect.NativeMethodAccessorImpl.invoke(NativeMethodAccessorImpl.java:62) ~[?:1.8.0_201]
	at sun.reflect.DelegatingMethodAccessorImpl.invoke(DelegatingMethodAccessorImpl.java:43) ~[?:1.8.0_201]
	at java.lang.reflect.Method.invoke(Method.java:498) ~[?:1.8.0_201]
	at org.apache.jmeter.NewDriver.main(NewDriver.java:253) [ApacheJMeter.jar:5.1 r1853635]
Caused by: java.io.IOException: Could not bind to 5ff963788efa/172.18.0.100 using port 7002
	at org.apache.jmeter.rmi.SSLRMIServerSocketFactory.createServerSocket(SSLRMIServerSocketFactory.java:139) ~[ApacheJMeter_core.jar:5.1 r1853635]
	at sun.rmi.transport.tcp.TCPEndpoint.newServerSocket(TCPEndpoint.java:666) ~[?:1.8.0_201]
	at sun.rmi.transport.tcp.TCPTransport.listen(TCPTransport.java:335) ~[?:1.8.0_201]
	... 21 more
Caused by: java.net.BindException: Address in use (Bind failed)
	at java.net.PlainSocketImpl.socketBind(Native Method) ~[?:1.8.0_201]
	at java.net.AbstractPlainSocketImpl.bind(AbstractPlainSocketImpl.java:387) ~[?:1.8.0_201]
	at java.net.ServerSocket.bind(ServerSocket.java:375) ~[?:1.8.0_201]
	at java.net.ServerSocket.<init>(ServerSocket.java:237) ~[?:1.8.0_201]
	at javax.net.ssl.SSLServerSocket.<init>(SSLServerSocket.java:181) ~[?:1.8.0_201]
	at sun.security.ssl.SSLServerSocketImpl.<init>(SSLServerSocketImpl.java:140) ~[?:1.8.0_201]
	at sun.security.ssl.SSLServerSocketFactoryImpl.createServerSocket(SSLServerSocketFactoryImpl.java:95) ~[?:1.8.0_201]
	at org.apache.jmeter.rmi.SSLRMIServerSocketFactory.createServerSocket(SSLRMIServerSocketFactory.java:137) ~[ApacheJMeter_core.jar:5.1 r1853635]
	at sun.rmi.transport.tcp.TCPEndpoint.newServerSocket(TCPEndpoint.java:666) ~[?:1.8.0_201]
	at sun.rmi.transport.tcp.TCPTransport.listen(TCPTransport.java:335) ~[?:1.8.0_201]
	... 21 more
2019-03-29 09:14:33,553 ERROR o.a.j.e.ClientJMeterEngine: Error in rconfigure() method
java.rmi.MarshalException: error marshalling arguments; nested exception is: 
	java.io.NotSerializableException: org.apache.jmeter.threads.RemoteThreadsListenerTestElement
	at sun.rmi.server.UnicastRef.invoke(UnicastRef.java:157) ~[?:1.8.0_201]
	at java.rmi.server.RemoteObjectInvocationHandler.invokeRemoteMethod(RemoteObjectInvocationHandler.java:227) ~[?:1.8.0_201]
	at java.rmi.server.RemoteObjectInvocationHandler.invoke(RemoteObjectInvocationHandler.java:179) ~[?:1.8.0_201]
	at com.sun.proxy.$Proxy19.rconfigure(Unknown Source) ~[?:?]
	at org.apache.jmeter.engine.ClientJMeterEngine.runTest(ClientJMeterEngine.java:153) [ApacheJMeter_core.jar:5.1 r1853635]
	at org.apache.jmeter.engine.DistributedRunner.start(DistributedRunner.java:132) [ApacheJMeter_core.jar:5.1 r1853635]
	at org.apache.jmeter.engine.DistributedRunner.start(DistributedRunner.java:149) [ApacheJMeter_core.jar:5.1 r1853635]
	at org.apache.jmeter.JMeter.runNonGui(JMeter.java:1084) [ApacheJMeter_core.jar:5.1 r1853635]
	at org.apache.jmeter.JMeter.startNonGui(JMeter.java:986) [ApacheJMeter_core.jar:5.1 r1853635]
	at org.apache.jmeter.JMeter.start(JMeter.java:563) [ApacheJMeter_core.jar:5.1 r1853635]
	at sun.reflect.NativeMethodAccessorImpl.invoke0(Native Method) ~[?:1.8.0_201]
	at sun.reflect.NativeMethodAccessorImpl.invoke(NativeMethodAccessorImpl.java:62) ~[?:1.8.0_201]
	at sun.reflect.DelegatingMethodAccessorImpl.invoke(DelegatingMethodAccessorImpl.java:43) ~[?:1.8.0_201]
	at java.lang.reflect.Method.invoke(Method.java:498) ~[?:1.8.0_201]
	at org.apache.jmeter.NewDriver.main(NewDriver.java:253) [ApacheJMeter.jar:5.1 r1853635]
Caused by: java.io.NotSerializableException: org.apache.jmeter.threads.RemoteThreadsListenerTestElement
	at java.io.ObjectOutputStream.writeObject0(ObjectOutputStream.java:1184) ~[?:1.8.0_201]
	at java.io.ObjectOutputStream.writeObject(ObjectOutputStream.java:348) ~[?:1.8.0_201]
	at java.util.HashMap.internalWriteEntries(HashMap.java:1792) ~[?:1.8.0_201]
	at java.util.HashMap.writeObject(HashMap.java:1363) ~[?:1.8.0_201]
	at sun.reflect.GeneratedMethodAccessor2.invoke(Unknown Source) ~[?:?]
	at sun.reflect.DelegatingMethodAccessorImpl.invoke(DelegatingMethodAccessorImpl.java:43) ~[?:1.8.0_201]
	at java.lang.reflect.Method.invoke(Method.java:498) ~[?:1.8.0_201]
	at java.io.ObjectStreamClass.invokeWriteObject(ObjectStreamClass.java:1140) ~[?:1.8.0_201]
	at java.io.ObjectOutputStream.writeSerialData(ObjectOutputStream.java:1496) ~[?:1.8.0_201]
	at java.io.ObjectOutputStream.writeOrdinaryObject(ObjectOutputStream.java:1432) ~[?:1.8.0_201]
	at java.io.ObjectOutputStream.writeObject0(ObjectOutputStream.java:1178) ~[?:1.8.0_201]
	at java.io.ObjectOutputStream.defaultWriteFields(ObjectOutputStream.java:1548) ~[?:1.8.0_201]
	at java.io.ObjectOutputStream.defaultWriteObject(ObjectOutputStream.java:441) ~[?:1.8.0_201]
	at org.apache.jorphan.collections.HashTree.writeObject(HashTree.java:952) ~[jorphan.jar:5.1 r1853635]
	at sun.reflect.NativeMethodAccessorImpl.invoke0(Native Method) ~[?:1.8.0_201]
	at sun.reflect.NativeMethodAccessorImpl.invoke(NativeMethodAccessorImpl.java:62) ~[?:1.8.0_201]
	at sun.reflect.DelegatingMethodAccessorImpl.invoke(DelegatingMethodAccessorImpl.java:43) ~[?:1.8.0_201]
	at java.lang.reflect.Method.invoke(Method.java:498) ~[?:1.8.0_201]
	at java.io.ObjectStreamClass.invokeWriteObject(ObjectStreamClass.java:1140) ~[?:1.8.0_201]
	at java.io.ObjectOutputStream.writeSerialData(ObjectOutputStream.java:1496) ~[?:1.8.0_201]
	at java.io.ObjectOutputStream.writeOrdinaryObject(ObjectOutputStream.java:1432) ~[?:1.8.0_201]
	at java.io.ObjectOutputStream.writeObject0(ObjectOutputStream.java:1178) ~[?:1.8.0_201]
	at java.io.ObjectOutputStream.writeObject(ObjectOutputStream.java:348) ~[?:1.8.0_201]
	at java.util.HashMap.internalWriteEntries(HashMap.java:1793) ~[?:1.8.0_201]
	at java.util.HashMap.writeObject(HashMap.java:1363) ~[?:1.8.0_201]
	at sun.reflect.GeneratedMethodAccessor2.invoke(Unknown Source) ~[?:?]
	at sun.reflect.DelegatingMethodAccessorImpl.invoke(DelegatingMethodAccessorImpl.java:43) ~[?:1.8.0_201]
	at java.lang.reflect.Method.invoke(Method.java:498) ~[?:1.8.0_201]
	at java.io.ObjectStreamClass.invokeWriteObject(ObjectStreamClass.java:1140) ~[?:1.8.0_201]
	at java.io.ObjectOutputStream.writeSerialData(ObjectOutputStream.java:1496) ~[?:1.8.0_201]
	at java.io.ObjectOutputStream.writeOrdinaryObject(ObjectOutputStream.java:1432) ~[?:1.8.0_201]
	at java.io.ObjectOutputStream.writeObject0(ObjectOutputStream.java:1178) ~[?:1.8.0_201]
	at java.io.ObjectOutputStream.defaultWriteFields(ObjectOutputStream.java:1548) ~[?:1.8.0_201]
	at java.io.ObjectOutputStream.defaultWriteObject(ObjectOutputStream.java:441) ~[?:1.8.0_201]
	at org.apache.jorphan.collections.HashTree.writeObject(HashTree.java:952) ~[jorphan.jar:5.1 r1853635]
	at sun.reflect.NativeMethodAccessorImpl.invoke0(Native Method) ~[?:1.8.0_201]
	at sun.reflect.NativeMethodAccessorImpl.invoke(NativeMethodAccessorImpl.java:62) ~[?:1.8.0_201]
	at sun.reflect.DelegatingMethodAccessorImpl.invoke(DelegatingMethodAccessorImpl.java:43) ~[?:1.8.0_201]
	at java.lang.reflect.Method.invoke(Method.java:498) ~[?:1.8.0_201]
	at java.io.ObjectStreamClass.invokeWriteObject(ObjectStreamClass.java:1140) ~[?:1.8.0_201]
	at java.io.ObjectOutputStream.writeSerialData(ObjectOutputStream.java:1496) ~[?:1.8.0_201]
	at java.io.ObjectOutputStream.writeOrdinaryObject(ObjectOutputStream.java:1432) ~[?:1.8.0_201]
	at java.io.ObjectOutputStream.writeObject0(ObjectOutputStream.java:1178) ~[?:1.8.0_201]
	at java.io.ObjectOutputStream.writeObject(ObjectOutputStream.java:348) ~[?:1.8.0_201]
	at sun.rmi.server.UnicastRef.marshalValue(UnicastRef.java:290) ~[?:1.8.0_201]
	at sun.rmi.server.UnicastRef.invoke(UnicastRef.java:152) ~[?:1.8.0_201]
	... 14 more
2019-03-29 09:14:33,559 ERROR o.a.j.u.JMeterUtils: Error in rconfigure() method java.rmi.MarshalException: error marshalling arguments; nested exception is: 
	java.io.NotSerializableException: org.apache.jmeter.threads.RemoteThreadsListenerTestElement
2019-03-29 09:14:33,559 INFO o.a.j.e.DistributedRunner: Remote engines have been started
