2019-03-29 08:10:44,278 INFO o.a.j.u.JMeterUtils: Setting Locale to en_EN
2019-03-29 08:10:44,308 INFO o.a.j.JMeter: Loading user properties from: /opt/apache-jmeter-5.1/bin/user.properties
2019-03-29 08:10:44,309 INFO o.a.j.JMeter: Loading system properties from: /opt/apache-jmeter-5.1/bin/system.properties
2019-03-29 08:10:44,310 INFO o.a.j.JMeter: Setting JMeter property: server.rmi.ssl.keystore.file=/mnt/jmeter/keys/rmi_keystore.jks
2019-03-29 08:10:44,310 INFO o.a.j.JMeter: Setting JMeter property: client.rmi.localport=7000
2019-03-29 08:10:44,310 INFO o.a.j.JMeter: Setting JMeter property: remote_hosts=172.18.0.2,172.18.0.3
2019-03-29 08:10:44,332 INFO o.a.j.JMeter: Copyright (c) 1998-2019 The Apache Software Foundation
2019-03-29 08:10:44,332 INFO o.a.j.JMeter: Version 5.1 r1853635
2019-03-29 08:10:44,332 INFO o.a.j.JMeter: java.version=1.8.0_201
2019-03-29 08:10:44,332 INFO o.a.j.JMeter: java.vm.name=OpenJDK 64-Bit Server VM
2019-03-29 08:10:44,333 INFO o.a.j.JMeter: os.name=Linux
2019-03-29 08:10:44,333 INFO o.a.j.JMeter: os.arch=amd64
2019-03-29 08:10:44,333 INFO o.a.j.JMeter: os.version=4.4.0-143-generic
2019-03-29 08:10:44,333 INFO o.a.j.JMeter: file.encoding=UTF-8
2019-03-29 08:10:44,333 INFO o.a.j.JMeter: java.awt.headless=true
2019-03-29 08:10:44,333 INFO o.a.j.JMeter: Max memory     =142606336
2019-03-29 08:10:44,333 INFO o.a.j.JMeter: Available Processors =4
2019-03-29 08:10:44,338 INFO o.a.j.JMeter: Default Locale=English (EN)
2019-03-29 08:10:44,339 INFO o.a.j.JMeter: JMeter  Locale=English (EN)
2019-03-29 08:10:44,339 INFO o.a.j.JMeter: JMeterHome=/opt/apache-jmeter-5.1
2019-03-29 08:10:44,339 INFO o.a.j.JMeter: user.dir  =/opt/apache-jmeter-5.1
2019-03-29 08:10:44,339 INFO o.a.j.JMeter: PWD       =/opt/apache-jmeter-5.1
2019-03-29 08:10:44,340 INFO o.a.j.JMeter: IP: 172.18.0.100 Name: 6286bb939f8c FullName: 6286bb939f8c
2019-03-29 08:10:44,352 INFO o.a.j.s.FileServer: Default base='/opt/apache-jmeter-5.1'
2019-03-29 08:10:44,402 INFO o.a.j.s.FileServer: Set new base='/mnt/jmeter/jmx'
2019-03-29 08:10:44,749 INFO o.a.j.s.SaveService: Testplan (JMX) version: 2.2. Testlog (JTL) version: 2.2
2019-03-29 08:10:44,871 INFO o.a.j.s.SaveService: Using SaveService properties file encoding UTF-8
2019-03-29 08:10:44,890 INFO o.a.j.s.SaveService: Using SaveService properties version 5.0
2019-03-29 08:10:44,901 INFO o.a.j.s.SaveService: Loading file: /mnt/jmeter/jmx/Weather.jmx
2019-03-29 08:10:45,023 INFO o.a.j.p.h.s.HTTPSamplerBase: Parser for text/html is org.apache.jmeter.protocol.http.parser.LagartoBasedHtmlParser
2019-03-29 08:10:45,024 INFO o.a.j.p.h.s.HTTPSamplerBase: Parser for application/xhtml+xml is org.apache.jmeter.protocol.http.parser.LagartoBasedHtmlParser
2019-03-29 08:10:45,024 INFO o.a.j.p.h.s.HTTPSamplerBase: Parser for application/xml is org.apache.jmeter.protocol.http.parser.LagartoBasedHtmlParser
2019-03-29 08:10:45,024 INFO o.a.j.p.h.s.HTTPSamplerBase: Parser for text/xml is org.apache.jmeter.protocol.http.parser.LagartoBasedHtmlParser
2019-03-29 08:10:45,024 INFO o.a.j.p.h.s.HTTPSamplerBase: Parser for text/vnd.wap.wml is org.apache.jmeter.protocol.http.parser.RegexpHTMLParser
2019-03-29 08:10:45,024 INFO o.a.j.p.h.s.HTTPSamplerBase: Parser for text/css is org.apache.jmeter.protocol.http.parser.CssParser
2019-03-29 08:10:45,053 INFO o.a.j.s.SampleResult: Note: Sample TimeStamps are START times
2019-03-29 08:10:45,053 INFO o.a.j.s.SampleResult: sampleresult.default.encoding is set to ISO-8859-1
2019-03-29 08:10:45,053 INFO o.a.j.s.SampleResult: sampleresult.useNanoTime=true
2019-03-29 08:10:45,053 INFO o.a.j.s.SampleResult: sampleresult.nanoThreadSleep=5000
2019-03-29 08:10:45,132 INFO o.a.j.JMeter: Creating summariser <summary>
2019-03-29 08:10:45,156 INFO o.a.j.e.StandardJMeterEngine: Running the test!
2019-03-29 08:10:45,167 INFO o.a.j.s.SampleEvent: List of sample_variables: []
2019-03-29 08:10:45,167 INFO o.a.j.s.SampleEvent: List of sample_variables: []
2019-03-29 08:10:45,182 INFO o.a.j.e.u.CompoundVariable: Note: Function class names must contain the string: '.functions.'
2019-03-29 08:10:45,182 INFO o.a.j.e.u.CompoundVariable: Note: Function class names must not contain the string: '.gui.'
2019-03-29 08:10:46,329 INFO o.a.j.v.b.BackendListener: Backend Listener: Starting worker with class: class org.apache.jmeter.visualizers.backend.influxdb.InfluxdbBackendListenerClient and queue capacity: 5000
2019-03-29 08:10:46,331 INFO o.a.j.v.b.BackendListener: Backend Listener: Started  worker with class: class org.apache.jmeter.visualizers.backend.influxdb.InfluxdbBackendListenerClient
2019-03-29 08:10:46,949 INFO o.a.j.JMeter: Running test (1553843446949)
2019-03-29 08:10:47,019 INFO o.a.j.e.StandardJMeterEngine: Starting ThreadGroup: 1 : Get_Weather_By_Name_And_Id
2019-03-29 08:10:47,019 INFO o.a.j.e.StandardJMeterEngine: Starting 2 threads for group Get_Weather_By_Name_And_Id.
2019-03-29 08:10:47,022 INFO o.a.j.e.StandardJMeterEngine: Thread will continue on error
2019-03-29 08:10:47,022 INFO o.a.j.t.ThreadGroup: Starting thread group... number=1 threads=2 ramp-up=2 perThread=1000.0 delayedStart=false
2019-03-29 08:10:47,037 INFO o.a.j.t.ThreadGroup: Started thread group number 1
2019-03-29 08:10:47,037 INFO o.a.j.e.StandardJMeterEngine: All thread groups have been started
2019-03-29 08:10:47,054 INFO o.a.j.t.JMeterThread: Thread started: Get_Weather_By_Name_And_Id 1-1
2019-03-29 08:10:47,181 INFO o.a.j.p.h.s.HTTPHCAbstractImpl: Local host = 6286bb939f8c
2019-03-29 08:10:47,261 INFO o.a.j.p.h.s.HTTPHC4Impl: HTTP request retry count = 0
2019-03-29 08:10:47,468 INFO o.a.j.p.h.s.h.LazyLayeredConnectionSocketFactory: Setting up HTTPS TrustAll Socket Factory
2019-03-29 08:10:47,475 INFO o.a.j.u.JsseSSLManager: Using default SSL protocol: TLS
2019-03-29 08:10:47,475 INFO o.a.j.u.JsseSSLManager: SSL session context: per-thread
2019-03-29 08:10:47,671 INFO o.a.j.u.SSLManager: JmeterKeyStore Location:  type JKS
2019-03-29 08:10:47,673 INFO o.a.j.u.SSLManager: KeyStore created OK
2019-03-29 08:10:47,673 WARN o.a.j.u.SSLManager: Keystore file not found, loading empty keystore
2019-03-29 08:10:47,833 INFO o.a.j.t.JMeterThread: Thread finished: Get_Weather_By_Name_And_Id 1-1
2019-03-29 08:10:47,833 ERROR o.a.j.JMeter: Uncaught exception: 
java.lang.ExceptionInInitializerError: null
	at sun.security.ssl.SSLSessionImpl.<init>(SSLSessionImpl.java:188) ~[?:1.8.0_201]
	at sun.security.ssl.SSLSessionImpl.<init>(SSLSessionImpl.java:152) ~[?:1.8.0_201]
	at sun.security.ssl.SSLSessionImpl.<clinit>(SSLSessionImpl.java:79) ~[?:1.8.0_201]
	at sun.security.ssl.SSLSocketImpl.init(SSLSocketImpl.java:598) ~[?:1.8.0_201]
	at sun.security.ssl.SSLSocketImpl.<init>(SSLSocketImpl.java:566) ~[?:1.8.0_201]
	at sun.security.ssl.SSLSocketFactoryImpl.createSocket(SSLSocketFactoryImpl.java:110) ~[?:1.8.0_201]
	at org.apache.jmeter.util.HttpSSLProtocolSocketFactory.createSocket(HttpSSLProtocolSocketFactory.java:180) ~[ApacheJMeter_core.jar:5.1 r1853635]
	at org.apache.http.conn.ssl.SSLConnectionSocketFactory.createLayeredSocket(SSLConnectionSocketFactory.java:373) ~[httpclient-4.5.7.jar:4.5.7]
	at org.apache.http.conn.ssl.SSLConnectionSocketFactory.connectSocket(SSLConnectionSocketFactory.java:364) ~[httpclient-4.5.7.jar:4.5.7]
	at org.apache.jmeter.protocol.http.sampler.hc.LazyLayeredConnectionSocketFactory.connectSocket(LazyLayeredConnectionSocketFactory.java:92) ~[ApacheJMeter_http.jar:5.1 r1853635]
	at org.apache.http.impl.conn.DefaultHttpClientConnectionOperator.connect(DefaultHttpClientConnectionOperator.java:142) ~[httpclient-4.5.7.jar:4.5.7]
	at org.apache.jmeter.protocol.http.sampler.HTTPHC4Impl$JMeterDefaultHttpClientConnectionOperator.connect(HTTPHC4Impl.java:334) ~[ApacheJMeter_http.jar:5.1 r1853635]
	at org.apache.http.impl.conn.PoolingHttpClientConnectionManager.connect(PoolingHttpClientConnectionManager.java:374) ~[httpclient-4.5.7.jar:4.5.7]
	at org.apache.http.impl.execchain.MainClientExec.establishRoute(MainClientExec.java:393) ~[httpclient-4.5.7.jar:4.5.7]
	at org.apache.http.impl.execchain.MainClientExec.execute(MainClientExec.java:236) ~[httpclient-4.5.7.jar:4.5.7]
	at org.apache.http.impl.execchain.ProtocolExec.execute(ProtocolExec.java:185) ~[httpclient-4.5.7.jar:4.5.7]
	at org.apache.http.impl.execchain.RetryExec.execute(RetryExec.java:89) ~[httpclient-4.5.7.jar:4.5.7]
	at org.apache.http.impl.execchain.RedirectExec.execute(RedirectExec.java:110) ~[httpclient-4.5.7.jar:4.5.7]
	at org.apache.http.impl.client.InternalHttpClient.doExecute(InternalHttpClient.java:185) ~[httpclient-4.5.7.jar:4.5.7]
	at org.apache.http.impl.client.CloseableHttpClient.execute(CloseableHttpClient.java:83) ~[httpclient-4.5.7.jar:4.5.7]
	at org.apache.jmeter.protocol.http.sampler.HTTPHC4Impl.executeRequest(HTTPHC4Impl.java:841) ~[ApacheJMeter_http.jar:5.1 r1853635]
	at org.apache.jmeter.protocol.http.sampler.HTTPHC4Impl.sample(HTTPHC4Impl.java:572) ~[ApacheJMeter_http.jar:5.1 r1853635]
	at org.apache.jmeter.protocol.http.sampler.HTTPSamplerProxy.sample(HTTPSamplerProxy.java:67) ~[ApacheJMeter_http.jar:5.1 r1853635]
	at org.apache.jmeter.protocol.http.sampler.HTTPSamplerBase.sample(HTTPSamplerBase.java:1231) ~[ApacheJMeter_http.jar:5.1 r1853635]
	at org.apache.jmeter.protocol.http.sampler.HTTPSamplerBase.sample(HTTPSamplerBase.java:1220) ~[ApacheJMeter_http.jar:5.1 r1853635]
	at org.apache.jmeter.threads.JMeterThread.doSampling(JMeterThread.java:622) ~[ApacheJMeter_core.jar:5.1 r1853635]
	at org.apache.jmeter.threads.JMeterThread.executeSamplePackage(JMeterThread.java:546) ~[ApacheJMeter_core.jar:5.1 r1853635]
	at org.apache.jmeter.threads.JMeterThread.processSampler(JMeterThread.java:486) ~[ApacheJMeter_core.jar:5.1 r1853635]
	at org.apache.jmeter.threads.JMeterThread.run(JMeterThread.java:253) ~[ApacheJMeter_core.jar:5.1 r1853635]
	at java.lang.Thread.run(Thread.java:748) [?:1.8.0_201]
Caused by: java.security.ProviderException: Could not initialize NSS
	at sun.security.pkcs11.SunPKCS11.<init>(SunPKCS11.java:223) ~[sunpkcs11.jar:1.8.0_201]
	at sun.security.pkcs11.SunPKCS11.<init>(SunPKCS11.java:103) ~[sunpkcs11.jar:1.8.0_201]
	at sun.reflect.NativeConstructorAccessorImpl.newInstance0(Native Method) ~[?:1.8.0_201]
	at sun.reflect.NativeConstructorAccessorImpl.newInstance(NativeConstructorAccessorImpl.java:62) ~[?:1.8.0_201]
	at sun.reflect.DelegatingConstructorAccessorImpl.newInstance(DelegatingConstructorAccessorImpl.java:45) ~[?:1.8.0_201]
	at java.lang.reflect.Constructor.newInstance(Constructor.java:423) ~[?:1.8.0_201]
	at sun.security.jca.ProviderConfig$2.run(ProviderConfig.java:224) ~[?:1.8.0_201]
	at sun.security.jca.ProviderConfig$2.run(ProviderConfig.java:206) ~[?:1.8.0_201]
	at java.security.AccessController.doPrivileged(Native Method) ~[?:1.8.0_201]
	at sun.security.jca.ProviderConfig.doLoadProvider(ProviderConfig.java:206) ~[?:1.8.0_201]
	at sun.security.jca.ProviderConfig.getProvider(ProviderConfig.java:187) ~[?:1.8.0_201]
	at sun.security.jca.ProviderList.getProvider(ProviderList.java:233) ~[?:1.8.0_201]
	at sun.security.jca.ProviderList.getIndex(ProviderList.java:263) ~[?:1.8.0_201]
	at sun.security.jca.ProviderList.getProviderConfig(ProviderList.java:247) ~[?:1.8.0_201]
	at sun.security.jca.ProviderList.getProvider(ProviderList.java:253) ~[?:1.8.0_201]
	at java.security.Security.getProvider(Security.java:503) ~[?:1.8.0_201]
	at sun.security.ssl.SignatureAndHashAlgorithm.<clinit>(SignatureAndHashAlgorithm.java:415) ~[?:1.8.0_201]
	... 30 more
Caused by: java.io.FileNotFoundException: /usr/lib/libnss3.so
	at sun.security.pkcs11.Secmod.initialize(Secmod.java:193) ~[sunpkcs11.jar:1.8.0_201]
	at sun.security.pkcs11.SunPKCS11.<init>(SunPKCS11.java:218) ~[sunpkcs11.jar:1.8.0_201]
	at sun.security.pkcs11.SunPKCS11.<init>(SunPKCS11.java:103) ~[sunpkcs11.jar:1.8.0_201]
	at sun.reflect.NativeConstructorAccessorImpl.newInstance0(Native Method) ~[?:1.8.0_201]
	at sun.reflect.NativeConstructorAccessorImpl.newInstance(NativeConstructorAccessorImpl.java:62) ~[?:1.8.0_201]
	at sun.reflect.DelegatingConstructorAccessorImpl.newInstance(DelegatingConstructorAccessorImpl.java:45) ~[?:1.8.0_201]
	at java.lang.reflect.Constructor.newInstance(Constructor.java:423) ~[?:1.8.0_201]
	at sun.security.jca.ProviderConfig$2.run(ProviderConfig.java:224) ~[?:1.8.0_201]
	at sun.security.jca.ProviderConfig$2.run(ProviderConfig.java:206) ~[?:1.8.0_201]
	at java.security.AccessController.doPrivileged(Native Method) ~[?:1.8.0_201]
	at sun.security.jca.ProviderConfig.doLoadProvider(ProviderConfig.java:206) ~[?:1.8.0_201]
	at sun.security.jca.ProviderConfig.getProvider(ProviderConfig.java:187) ~[?:1.8.0_201]
	at sun.security.jca.ProviderList.getProvider(ProviderList.java:233) ~[?:1.8.0_201]
	at sun.security.jca.ProviderList.getIndex(ProviderList.java:263) ~[?:1.8.0_201]
	at sun.security.jca.ProviderList.getProviderConfig(ProviderList.java:247) ~[?:1.8.0_201]
	at sun.security.jca.ProviderList.getProvider(ProviderList.java:253) ~[?:1.8.0_201]
	at java.security.Security.getProvider(Security.java:503) ~[?:1.8.0_201]
	at sun.security.ssl.SignatureAndHashAlgorithm.<clinit>(SignatureAndHashAlgorithm.java:415) ~[?:1.8.0_201]
	... 30 more
2019-03-29 08:10:48,054 INFO o.a.j.t.JMeterThread: Thread started: Get_Weather_By_Name_And_Id 1-2
2019-03-29 08:10:48,241 INFO o.a.j.t.JMeterThread: Thread finished: Get_Weather_By_Name_And_Id 1-2
2019-03-29 08:10:48,241 ERROR o.a.j.JMeter: Uncaught exception: 
java.lang.NoClassDefFoundError: Could not initialize class sun.security.ssl.SSLSessionImpl
	at sun.security.ssl.SSLSocketImpl.init(SSLSocketImpl.java:598) ~[?:1.8.0_201]
	at sun.security.ssl.SSLSocketImpl.<init>(SSLSocketImpl.java:566) ~[?:1.8.0_201]
	at sun.security.ssl.SSLSocketFactoryImpl.createSocket(SSLSocketFactoryImpl.java:110) ~[?:1.8.0_201]
	at org.apache.jmeter.util.HttpSSLProtocolSocketFactory.createSocket(HttpSSLProtocolSocketFactory.java:180) ~[ApacheJMeter_core.jar:5.1 r1853635]
	at org.apache.http.conn.ssl.SSLConnectionSocketFactory.createLayeredSocket(SSLConnectionSocketFactory.java:373) ~[httpclient-4.5.7.jar:4.5.7]
	at org.apache.http.conn.ssl.SSLConnectionSocketFactory.connectSocket(SSLConnectionSocketFactory.java:364) ~[httpclient-4.5.7.jar:4.5.7]
	at org.apache.jmeter.protocol.http.sampler.hc.LazyLayeredConnectionSocketFactory.connectSocket(LazyLayeredConnectionSocketFactory.java:92) ~[ApacheJMeter_http.jar:5.1 r1853635]
	at org.apache.http.impl.conn.DefaultHttpClientConnectionOperator.connect(DefaultHttpClientConnectionOperator.java:142) ~[httpclient-4.5.7.jar:4.5.7]
	at org.apache.jmeter.protocol.http.sampler.HTTPHC4Impl$JMeterDefaultHttpClientConnectionOperator.connect(HTTPHC4Impl.java:334) ~[ApacheJMeter_http.jar:5.1 r1853635]
	at org.apache.http.impl.conn.PoolingHttpClientConnectionManager.connect(PoolingHttpClientConnectionManager.java:374) ~[httpclient-4.5.7.jar:4.5.7]
	at org.apache.http.impl.execchain.MainClientExec.establishRoute(MainClientExec.java:393) ~[httpclient-4.5.7.jar:4.5.7]
	at org.apache.http.impl.execchain.MainClientExec.execute(MainClientExec.java:236) ~[httpclient-4.5.7.jar:4.5.7]
	at org.apache.http.impl.execchain.ProtocolExec.execute(ProtocolExec.java:185) ~[httpclient-4.5.7.jar:4.5.7]
	at org.apache.http.impl.execchain.RetryExec.execute(RetryExec.java:89) ~[httpclient-4.5.7.jar:4.5.7]
	at org.apache.http.impl.execchain.RedirectExec.execute(RedirectExec.java:110) ~[httpclient-4.5.7.jar:4.5.7]
	at org.apache.http.impl.client.InternalHttpClient.doExecute(InternalHttpClient.java:185) ~[httpclient-4.5.7.jar:4.5.7]
	at org.apache.http.impl.client.CloseableHttpClient.execute(CloseableHttpClient.java:83) ~[httpclient-4.5.7.jar:4.5.7]
	at org.apache.jmeter.protocol.http.sampler.HTTPHC4Impl.executeRequest(HTTPHC4Impl.java:841) ~[ApacheJMeter_http.jar:5.1 r1853635]
	at org.apache.jmeter.protocol.http.sampler.HTTPHC4Impl.sample(HTTPHC4Impl.java:572) ~[ApacheJMeter_http.jar:5.1 r1853635]
	at org.apache.jmeter.protocol.http.sampler.HTTPSamplerProxy.sample(HTTPSamplerProxy.java:67) ~[ApacheJMeter_http.jar:5.1 r1853635]
	at org.apache.jmeter.protocol.http.sampler.HTTPSamplerBase.sample(HTTPSamplerBase.java:1231) ~[ApacheJMeter_http.jar:5.1 r1853635]
	at org.apache.jmeter.protocol.http.sampler.HTTPSamplerBase.sample(HTTPSamplerBase.java:1220) ~[ApacheJMeter_http.jar:5.1 r1853635]
	at org.apache.jmeter.threads.JMeterThread.doSampling(JMeterThread.java:622) ~[ApacheJMeter_core.jar:5.1 r1853635]
	at org.apache.jmeter.threads.JMeterThread.executeSamplePackage(JMeterThread.java:546) ~[ApacheJMeter_core.jar:5.1 r1853635]
	at org.apache.jmeter.threads.JMeterThread.processSampler(JMeterThread.java:486) ~[ApacheJMeter_core.jar:5.1 r1853635]
	at org.apache.jmeter.threads.JMeterThread.run(JMeterThread.java:253) ~[ApacheJMeter_core.jar:5.1 r1853635]
	at java.lang.Thread.run(Thread.java:748) [?:1.8.0_201]
2019-03-29 08:10:48,244 INFO o.a.j.e.StandardJMeterEngine: Notifying test listeners of end of test
2019-03-29 08:10:48,245 INFO o.a.j.v.b.BackendListener: Worker ended
2019-03-29 08:10:48,246 INFO o.a.j.v.b.i.InfluxdbBackendListenerClient: Sending last metrics
2019-03-29 08:10:48,248 INFO o.a.j.v.b.i.HttpMetricsSender: Destroying 
2019-03-29 08:10:48,285 INFO o.a.j.r.Summariser: summary =      0 in 00:00:00 = ******/s Avg:     0 Min: 9223372036854775807 Max: -9223372036854775808 Err:     0 (0.00%)
