2019-03-29 09:29:09,654 INFO o.a.j.u.JMeterUtils: Setting Locale to en_EN
2019-03-29 09:29:09,692 INFO o.a.j.JMeter: Loading user properties from: /opt/apache-jmeter-5.1/bin/user.properties
2019-03-29 09:29:09,692 INFO o.a.j.JMeter: Loading system properties from: /opt/apache-jmeter-5.1/bin/system.properties
2019-03-29 09:29:09,692 INFO o.a.j.JMeter: Setting JMeter property: server.rmi.ssl.keystore.file=/mnt/jmeter/keys/rmi_keystore.jks
2019-03-29 09:29:09,692 INFO o.a.j.JMeter: Setting JMeter property: client.rmi.localport=7000
2019-03-29 09:29:09,693 INFO o.a.j.JMeter: Setting JMeter property: remote_hosts=172.18.0.2,172.18.0.3
2019-03-29 09:29:09,699 INFO o.a.j.JMeter: Copyright (c) 1998-2019 The Apache Software Foundation
2019-03-29 09:29:09,700 INFO o.a.j.JMeter: Version 5.1 r1853635
2019-03-29 09:29:09,700 INFO o.a.j.JMeter: java.version=1.8.0_201
2019-03-29 09:29:09,700 INFO o.a.j.JMeter: java.vm.name=OpenJDK 64-Bit Server VM
2019-03-29 09:29:09,700 INFO o.a.j.JMeter: os.name=Linux
2019-03-29 09:29:09,700 INFO o.a.j.JMeter: os.arch=amd64
2019-03-29 09:29:09,700 INFO o.a.j.JMeter: os.version=4.4.0-143-generic
2019-03-29 09:29:09,700 INFO o.a.j.JMeter: file.encoding=UTF-8
2019-03-29 09:29:09,700 INFO o.a.j.JMeter: java.awt.headless=true
2019-03-29 09:29:09,701 INFO o.a.j.JMeter: Max memory     =209715200
2019-03-29 09:29:09,701 INFO o.a.j.JMeter: Available Processors =4
2019-03-29 09:29:09,707 INFO o.a.j.JMeter: Default Locale=English (EN)
2019-03-29 09:29:09,707 INFO o.a.j.JMeter: JMeter  Locale=English (EN)
2019-03-29 09:29:09,707 INFO o.a.j.JMeter: JMeterHome=/opt/apache-jmeter-5.1
2019-03-29 09:29:09,707 INFO o.a.j.JMeter: user.dir  =/opt/apache-jmeter-5.1
2019-03-29 09:29:09,707 INFO o.a.j.JMeter: PWD       =/opt/apache-jmeter-5.1
2019-03-29 09:29:09,708 INFO o.a.j.JMeter: IP: 172.18.0.100 Name: d96f5869e08a FullName: d96f5869e08a
2019-03-29 09:29:09,711 INFO o.a.j.s.FileServer: Default base='/opt/apache-jmeter-5.1'
2019-03-29 09:29:09,718 INFO o.a.j.s.FileServer: Set new base='/mnt/jmeter/jmx'
2019-03-29 09:29:09,869 INFO o.a.j.s.SaveService: Testplan (JMX) version: 2.2. Testlog (JTL) version: 2.2
2019-03-29 09:29:09,886 INFO o.a.j.s.SaveService: Using SaveService properties file encoding UTF-8
2019-03-29 09:29:09,891 INFO o.a.j.s.SaveService: Using SaveService properties version 5.0
2019-03-29 09:29:09,900 INFO o.a.j.s.SaveService: Loading file: /mnt/jmeter/jmx/Weather.jmx
2019-03-29 09:29:09,960 INFO o.a.j.p.h.s.HTTPSamplerBase: Parser for text/html is org.apache.jmeter.protocol.http.parser.LagartoBasedHtmlParser
2019-03-29 09:29:09,960 INFO o.a.j.p.h.s.HTTPSamplerBase: Parser for application/xhtml+xml is org.apache.jmeter.protocol.http.parser.LagartoBasedHtmlParser
2019-03-29 09:29:09,960 INFO o.a.j.p.h.s.HTTPSamplerBase: Parser for application/xml is org.apache.jmeter.protocol.http.parser.LagartoBasedHtmlParser
2019-03-29 09:29:09,960 INFO o.a.j.p.h.s.HTTPSamplerBase: Parser for text/xml is org.apache.jmeter.protocol.http.parser.LagartoBasedHtmlParser
2019-03-29 09:29:09,960 INFO o.a.j.p.h.s.HTTPSamplerBase: Parser for text/vnd.wap.wml is org.apache.jmeter.protocol.http.parser.RegexpHTMLParser
2019-03-29 09:29:09,960 INFO o.a.j.p.h.s.HTTPSamplerBase: Parser for text/css is org.apache.jmeter.protocol.http.parser.CssParser
2019-03-29 09:29:09,971 INFO o.a.j.s.SampleResult: Note: Sample TimeStamps are START times
2019-03-29 09:29:09,972 INFO o.a.j.s.SampleResult: sampleresult.default.encoding is set to ISO-8859-1
2019-03-29 09:29:09,972 INFO o.a.j.s.SampleResult: sampleresult.useNanoTime=true
2019-03-29 09:29:09,972 INFO o.a.j.s.SampleResult: sampleresult.nanoThreadSleep=5000
2019-03-29 09:29:09,988 INFO o.a.j.JMeter: Creating summariser <summary>
2019-03-29 09:29:10,000 INFO o.a.j.e.StandardJMeterEngine: Running the test!
2019-03-29 09:29:10,001 INFO o.a.j.s.SampleEvent: List of sample_variables: []
2019-03-29 09:29:10,001 INFO o.a.j.s.SampleEvent: List of sample_variables: []
2019-03-29 09:29:10,007 INFO o.a.j.e.u.CompoundVariable: Note: Function class names must contain the string: '.functions.'
2019-03-29 09:29:10,008 INFO o.a.j.e.u.CompoundVariable: Note: Function class names must not contain the string: '.gui.'
2019-03-29 09:29:10,473 INFO o.a.j.v.b.BackendListener: Backend Listener: Starting worker with class: class org.apache.jmeter.visualizers.backend.influxdb.InfluxdbBackendListenerClient and queue capacity: 5000
2019-03-29 09:29:10,474 INFO o.a.j.v.b.BackendListener: Backend Listener: Started  worker with class: class org.apache.jmeter.visualizers.backend.influxdb.InfluxdbBackendListenerClient
2019-03-29 09:29:10,751 INFO o.a.j.JMeter: Running test (1553848150751)
2019-03-29 09:29:10,809 INFO o.a.j.e.StandardJMeterEngine: Starting ThreadGroup: 1 : Get_Weather_By_Name_And_Id
2019-03-29 09:29:10,810 INFO o.a.j.e.StandardJMeterEngine: Starting 2 threads for group Get_Weather_By_Name_And_Id.
2019-03-29 09:29:10,810 INFO o.a.j.e.StandardJMeterEngine: Thread will continue on error
2019-03-29 09:29:10,810 INFO o.a.j.t.ThreadGroup: Starting thread group... number=1 threads=2 ramp-up=2 perThread=1000.0 delayedStart=false
2019-03-29 09:29:10,823 INFO o.a.j.t.ThreadGroup: Started thread group number 1
2019-03-29 09:29:10,823 INFO o.a.j.e.StandardJMeterEngine: All thread groups have been started
2019-03-29 09:29:10,823 INFO o.a.j.t.JMeterThread: Thread started: Get_Weather_By_Name_And_Id 1-1
2019-03-29 09:29:10,847 INFO o.a.j.p.h.s.HTTPHCAbstractImpl: Local host = d96f5869e08a
2019-03-29 09:29:10,852 INFO o.a.j.p.h.s.HTTPHC4Impl: HTTP request retry count = 0
2019-03-29 09:29:11,154 INFO o.a.j.p.h.s.h.LazyLayeredConnectionSocketFactory: Setting up HTTPS TrustAll Socket Factory
2019-03-29 09:29:11,175 INFO o.a.j.u.JsseSSLManager: Using default SSL protocol: TLS
2019-03-29 09:29:11,175 INFO o.a.j.u.JsseSSLManager: SSL session context: per-thread
2019-03-29 09:29:11,379 INFO o.a.j.u.SSLManager: JmeterKeyStore Location:  type JKS
2019-03-29 09:29:11,381 INFO o.a.j.u.SSLManager: KeyStore created OK
2019-03-29 09:29:11,381 WARN o.a.j.u.SSLManager: Keystore file not found, loading empty keystore
2019-03-29 09:29:11,825 INFO o.a.j.t.JMeterThread: Thread started: Get_Weather_By_Name_And_Id 1-2
2019-03-29 09:29:13,804 INFO o.a.j.t.JMeterThread: Thread is done: Get_Weather_By_Name_And_Id 1-2
2019-03-29 09:29:13,804 INFO o.a.j.t.JMeterThread: Thread finished: Get_Weather_By_Name_And_Id 1-2
2019-03-29 09:29:14,174 INFO o.a.j.t.JMeterThread: Thread is done: Get_Weather_By_Name_And_Id 1-1
2019-03-29 09:29:14,175 INFO o.a.j.t.JMeterThread: Thread finished: Get_Weather_By_Name_And_Id 1-1
2019-03-29 09:29:14,176 INFO o.a.j.e.StandardJMeterEngine: Notifying test listeners of end of test
2019-03-29 09:29:14,176 INFO o.a.j.v.b.BackendListener: Worker ended
2019-03-29 09:29:14,178 INFO o.a.j.v.b.i.InfluxdbBackendListenerClient: Sending last metrics
2019-03-29 09:29:14,228 INFO o.a.j.v.b.i.HttpMetricsSender: Destroying 
2019-03-29 09:29:14,272 INFO o.a.j.r.Summariser: summary =      8 in 00:00:04 =    2.3/s Avg:   651 Min:   184 Max:  1661 Err:     0 (0.00%)
