2019-03-29 09:01:11,809 INFO o.a.j.u.JMeterUtils: Setting Locale to en_EN
2019-03-29 09:01:11,969 INFO o.a.j.JMeter: Loading user properties from: /opt/apache-jmeter-5.1/bin/user.properties
2019-03-29 09:01:11,988 INFO o.a.j.JMeter: Loading system properties from: /opt/apache-jmeter-5.1/bin/system.properties
2019-03-29 09:01:11,995 INFO o.a.j.JMeter: Setting JMeter property: server.rmi.ssl.keystore.file=/mnt/jmeter/keys/rmi_keystore.jks
2019-03-29 09:01:11,996 INFO o.a.j.JMeter: Setting JMeter property: client.rmi.localport=7000
2019-03-29 09:01:12,028 INFO o.a.j.JMeter: Copyright (c) 1998-2019 The Apache Software Foundation
2019-03-29 09:01:12,028 INFO o.a.j.JMeter: Version 5.1 r1853635
2019-03-29 09:01:12,028 INFO o.a.j.JMeter: java.version=1.8.0_201
2019-03-29 09:01:12,029 INFO o.a.j.JMeter: java.vm.name=OpenJDK 64-Bit Server VM
2019-03-29 09:01:12,029 INFO o.a.j.JMeter: os.name=Linux
2019-03-29 09:01:12,029 INFO o.a.j.JMeter: os.arch=amd64
2019-03-29 09:01:12,029 INFO o.a.j.JMeter: os.version=4.4.0-143-generic
2019-03-29 09:01:12,029 INFO o.a.j.JMeter: file.encoding=UTF-8
2019-03-29 09:01:12,029 INFO o.a.j.JMeter: java.awt.headless=true
2019-03-29 09:01:12,029 INFO o.a.j.JMeter: Max memory     =167772160
2019-03-29 09:01:12,029 INFO o.a.j.JMeter: Available Processors =4
2019-03-29 09:01:12,040 INFO o.a.j.JMeter: Default Locale=English (EN)
2019-03-29 09:01:12,041 INFO o.a.j.JMeter: JMeter  Locale=English (EN)
2019-03-29 09:01:12,041 INFO o.a.j.JMeter: JMeterHome=/opt/apache-jmeter-5.1
2019-03-29 09:01:12,041 INFO o.a.j.JMeter: user.dir  =/opt/apache-jmeter-5.1
2019-03-29 09:01:12,041 INFO o.a.j.JMeter: PWD       =/opt/apache-jmeter-5.1
2019-03-29 09:01:12,042 INFO o.a.j.JMeter: IP: 172.18.0.100 Name: 2d485b0a7e96 FullName: 2d485b0a7e96
2019-03-29 09:01:12,059 INFO o.a.j.s.FileServer: Default base='/opt/apache-jmeter-5.1'
2019-03-29 09:01:12,164 INFO o.a.j.s.FileServer: Set new base='/mnt/jmeter/jmx'
2019-03-29 09:01:12,842 INFO o.a.j.s.SaveService: Testplan (JMX) version: 2.2. Testlog (JTL) version: 2.2
2019-03-29 09:01:12,910 INFO o.a.j.s.SaveService: Using SaveService properties file encoding UTF-8
2019-03-29 09:01:12,926 INFO o.a.j.s.SaveService: Using SaveService properties version 5.0
2019-03-29 09:01:12,951 INFO o.a.j.s.SaveService: Loading file: /mnt/jmeter/jmx/Weather.jmx
2019-03-29 09:01:13,086 INFO o.a.j.p.h.s.HTTPSamplerBase: Parser for text/html is org.apache.jmeter.protocol.http.parser.LagartoBasedHtmlParser
2019-03-29 09:01:13,087 INFO o.a.j.p.h.s.HTTPSamplerBase: Parser for application/xhtml+xml is org.apache.jmeter.protocol.http.parser.LagartoBasedHtmlParser
2019-03-29 09:01:13,087 INFO o.a.j.p.h.s.HTTPSamplerBase: Parser for application/xml is org.apache.jmeter.protocol.http.parser.LagartoBasedHtmlParser
2019-03-29 09:01:13,087 INFO o.a.j.p.h.s.HTTPSamplerBase: Parser for text/xml is org.apache.jmeter.protocol.http.parser.LagartoBasedHtmlParser
2019-03-29 09:01:13,087 INFO o.a.j.p.h.s.HTTPSamplerBase: Parser for text/vnd.wap.wml is org.apache.jmeter.protocol.http.parser.RegexpHTMLParser
2019-03-29 09:01:13,087 INFO o.a.j.p.h.s.HTTPSamplerBase: Parser for text/css is org.apache.jmeter.protocol.http.parser.CssParser
2019-03-29 09:01:13,112 INFO o.a.j.s.SampleResult: Note: Sample TimeStamps are START times
2019-03-29 09:01:13,112 INFO o.a.j.s.SampleResult: sampleresult.default.encoding is set to ISO-8859-1
2019-03-29 09:01:13,112 INFO o.a.j.s.SampleResult: sampleresult.useNanoTime=true
2019-03-29 09:01:13,112 INFO o.a.j.s.SampleResult: sampleresult.nanoThreadSleep=5000
2019-03-29 09:01:13,158 INFO o.a.j.JMeter: Creating summariser <summary>
2019-03-29 09:01:13,183 INFO o.a.j.e.DistributedRunner: Configuring remote engine: 172.18.0.2
2019-03-29 09:01:13,322 ERROR o.a.j.JMeter: An error occurred: 
java.lang.ExceptionInInitializerError: null
	at sun.security.ssl.SSLSessionImpl.<init>(SSLSessionImpl.java:188) ~[?:1.8.0_201]
	at sun.security.ssl.SSLSessionImpl.<init>(SSLSessionImpl.java:152) ~[?:1.8.0_201]
	at sun.security.ssl.SSLSessionImpl.<clinit>(SSLSessionImpl.java:79) ~[?:1.8.0_201]
	at sun.security.ssl.SSLSocketImpl.init(SSLSocketImpl.java:598) ~[?:1.8.0_201]
	at sun.security.ssl.SSLSocketImpl.<init>(SSLSocketImpl.java:422) ~[?:1.8.0_201]
	at sun.security.ssl.SSLSocketFactoryImpl.createSocket(SSLSocketFactoryImpl.java:88) ~[?:1.8.0_201]
	at org.apache.jmeter.rmi.SSLRMIClientSocketFactory.createSocket(SSLRMIClientSocketFactory.java:118) ~[ApacheJMeter_core.jar:5.1 r1853635]
	at sun.rmi.transport.tcp.TCPEndpoint.newSocket(TCPEndpoint.java:613) ~[?:1.8.0_201]
	at sun.rmi.transport.tcp.TCPChannel.createConnection(TCPChannel.java:216) ~[?:1.8.0_201]
	at sun.rmi.transport.tcp.TCPChannel.newConnection(TCPChannel.java:202) ~[?:1.8.0_201]
	at sun.rmi.server.UnicastRef.newCall(UnicastRef.java:338) ~[?:1.8.0_201]
	at sun.rmi.registry.RegistryImpl_Stub.lookup(RegistryImpl_Stub.java:112) ~[?:1.8.0_201]
	at org.apache.jmeter.engine.ClientJMeterEngine.getEngine(ClientJMeterEngine.java:72) ~[ApacheJMeter_core.jar:5.1 r1853635]
	at org.apache.jmeter.engine.ClientJMeterEngine.<init>(ClientJMeterEngine.java:85) ~[ApacheJMeter_core.jar:5.1 r1853635]
	at org.apache.jmeter.engine.DistributedRunner.createEngine(DistributedRunner.java:236) ~[ApacheJMeter_core.jar:5.1 r1853635]
	at org.apache.jmeter.engine.DistributedRunner.getClientEngine(DistributedRunner.java:213) ~[ApacheJMeter_core.jar:5.1 r1853635]
	at org.apache.jmeter.engine.DistributedRunner.init(DistributedRunner.java:93) ~[ApacheJMeter_core.jar:5.1 r1853635]
	at org.apache.jmeter.JMeter.runNonGui(JMeter.java:1082) ~[ApacheJMeter_core.jar:5.1 r1853635]
	at org.apache.jmeter.JMeter.startNonGui(JMeter.java:986) ~[ApacheJMeter_core.jar:5.1 r1853635]
	at org.apache.jmeter.JMeter.start(JMeter.java:563) [ApacheJMeter_core.jar:5.1 r1853635]
	at sun.reflect.NativeMethodAccessorImpl.invoke0(Native Method) ~[?:1.8.0_201]
	at sun.reflect.NativeMethodAccessorImpl.invoke(NativeMethodAccessorImpl.java:62) ~[?:1.8.0_201]
	at sun.reflect.DelegatingMethodAccessorImpl.invoke(DelegatingMethodAccessorImpl.java:43) ~[?:1.8.0_201]
	at java.lang.reflect.Method.invoke(Method.java:498) ~[?:1.8.0_201]
	at org.apache.jmeter.NewDriver.main(NewDriver.java:253) [ApacheJMeter.jar:5.1 r1853635]
Caused by: java.security.ProviderException: Could not initialize NSS
	at sun.security.pkcs11.SunPKCS11.<init>(SunPKCS11.java:223) ~[sunpkcs11.jar:1.8.0_201]
	at sun.security.pkcs11.SunPKCS11.<init>(SunPKCS11.java:103) ~[sunpkcs11.jar:1.8.0_201]
	at sun.reflect.NativeConstructorAccessorImpl.newInstance0(Native Method) ~[?:1.8.0_201]
	at sun.reflect.NativeConstructorAccessorImpl.newInstance(NativeConstructorAccessorImpl.java:62) ~[?:1.8.0_201]
	at sun.reflect.DelegatingConstructorAccessorImpl.newInstance(DelegatingConstructorAccessorImpl.java:45) ~[?:1.8.0_201]
	at java.lang.reflect.Constructor.newInstance(Constructor.java:423) ~[?:1.8.0_201]
	at sun.security.jca.ProviderConfig$2.run(ProviderConfig.java:224) ~[?:1.8.0_201]
	at sun.security.jca.ProviderConfig$2.run(ProviderConfig.java:206) ~[?:1.8.0_201]
	at java.security.AccessController.doPrivileged(Native Method) ~[?:1.8.0_201]
	at sun.security.jca.ProviderConfig.doLoadProvider(ProviderConfig.java:206) ~[?:1.8.0_201]
	at sun.security.jca.ProviderConfig.getProvider(ProviderConfig.java:187) ~[?:1.8.0_201]
	at sun.security.jca.ProviderList.getProvider(ProviderList.java:233) ~[?:1.8.0_201]
	at sun.security.jca.ProviderList.getIndex(ProviderList.java:263) ~[?:1.8.0_201]
	at sun.security.jca.ProviderList.getProviderConfig(ProviderList.java:247) ~[?:1.8.0_201]
	at sun.security.jca.ProviderList.getProvider(ProviderList.java:253) ~[?:1.8.0_201]
	at java.security.Security.getProvider(Security.java:503) ~[?:1.8.0_201]
	at sun.security.ssl.SignatureAndHashAlgorithm.<clinit>(SignatureAndHashAlgorithm.java:415) ~[?:1.8.0_201]
	... 25 more
Caused by: java.io.FileNotFoundException: /usr/lib/libnss3.so
	at sun.security.pkcs11.Secmod.initialize(Secmod.java:193) ~[sunpkcs11.jar:1.8.0_201]
	at sun.security.pkcs11.SunPKCS11.<init>(SunPKCS11.java:218) ~[sunpkcs11.jar:1.8.0_201]
	at sun.security.pkcs11.SunPKCS11.<init>(SunPKCS11.java:103) ~[sunpkcs11.jar:1.8.0_201]
	at sun.reflect.NativeConstructorAccessorImpl.newInstance0(Native Method) ~[?:1.8.0_201]
	at sun.reflect.NativeConstructorAccessorImpl.newInstance(NativeConstructorAccessorImpl.java:62) ~[?:1.8.0_201]
	at sun.reflect.DelegatingConstructorAccessorImpl.newInstance(DelegatingConstructorAccessorImpl.java:45) ~[?:1.8.0_201]
	at java.lang.reflect.Constructor.newInstance(Constructor.java:423) ~[?:1.8.0_201]
	at sun.security.jca.ProviderConfig$2.run(ProviderConfig.java:224) ~[?:1.8.0_201]
	at sun.security.jca.ProviderConfig$2.run(ProviderConfig.java:206) ~[?:1.8.0_201]
	at java.security.AccessController.doPrivileged(Native Method) ~[?:1.8.0_201]
	at sun.security.jca.ProviderConfig.doLoadProvider(ProviderConfig.java:206) ~[?:1.8.0_201]
	at sun.security.jca.ProviderConfig.getProvider(ProviderConfig.java:187) ~[?:1.8.0_201]
	at sun.security.jca.ProviderList.getProvider(ProviderList.java:233) ~[?:1.8.0_201]
	at sun.security.jca.ProviderList.getIndex(ProviderList.java:263) ~[?:1.8.0_201]
	at sun.security.jca.ProviderList.getProviderConfig(ProviderList.java:247) ~[?:1.8.0_201]
	at sun.security.jca.ProviderList.getProvider(ProviderList.java:253) ~[?:1.8.0_201]
	at java.security.Security.getProvider(Security.java:503) ~[?:1.8.0_201]
	at sun.security.ssl.SignatureAndHashAlgorithm.<clinit>(SignatureAndHashAlgorithm.java:415) ~[?:1.8.0_201]
	... 25 more
