2019-03-29 05:41:16,157 INFO o.a.j.u.JMeterUtils: Setting Locale to en_EN
2019-03-29 05:41:16,243 INFO o.a.j.JMeter: Loading user properties from: /opt/apache-jmeter-5.1/bin/user.properties
2019-03-29 05:41:16,253 INFO o.a.j.JMeter: Loading system properties from: /opt/apache-jmeter-5.1/bin/system.properties
2019-03-29 05:41:16,257 INFO o.a.j.JMeter: Setting JMeter property: server.rmi.ssl.keystore.file=/mnt/jmeter/keys/rmi_keystore.jks
2019-03-29 05:41:16,258 INFO o.a.j.JMeter: Setting JMeter property: client.rmi.localport=7000
2019-03-29 05:41:16,258 INFO o.a.j.JMeter: Setting JMeter property: remote_hosts=172.18.0.2,172.18.0.3
2019-03-29 05:41:16,289 INFO o.a.j.JMeter: Copyright (c) 1998-2019 The Apache Software Foundation
2019-03-29 05:41:16,290 INFO o.a.j.JMeter: Version 5.1 r1853635
2019-03-29 05:41:16,290 INFO o.a.j.JMeter: java.version=1.8.0_201
2019-03-29 05:41:16,290 INFO o.a.j.JMeter: java.vm.name=OpenJDK 64-Bit Server VM
2019-03-29 05:41:16,290 INFO o.a.j.JMeter: os.name=Linux
2019-03-29 05:41:16,290 INFO o.a.j.JMeter: os.arch=amd64
2019-03-29 05:41:16,291 INFO o.a.j.JMeter: os.version=4.4.0-143-generic
2019-03-29 05:41:16,291 INFO o.a.j.JMeter: file.encoding=UTF-8
2019-03-29 05:41:16,291 INFO o.a.j.JMeter: java.awt.headless=true
2019-03-29 05:41:16,291 INFO o.a.j.JMeter: Max memory     =150994944
2019-03-29 05:41:16,291 INFO o.a.j.JMeter: Available Processors =4
2019-03-29 05:41:16,321 INFO o.a.j.JMeter: Default Locale=English (EN)
2019-03-29 05:41:16,328 INFO o.a.j.JMeter: JMeter  Locale=English (EN)
2019-03-29 05:41:16,328 INFO o.a.j.JMeter: JMeterHome=/opt/apache-jmeter-5.1
2019-03-29 05:41:16,328 INFO o.a.j.JMeter: user.dir  =/opt/apache-jmeter-5.1
2019-03-29 05:41:16,329 INFO o.a.j.JMeter: PWD       =/opt/apache-jmeter-5.1
2019-03-29 05:41:16,329 INFO o.a.j.JMeter: IP: 172.18.0.100 Name: 55a5124d4020 FullName: 55a5124d4020
