2019-03-29 08:21:46,713 INFO o.a.j.u.JMeterUtils: Setting Locale to en_EN
2019-03-29 08:21:46,800 INFO o.a.j.JMeter: Loading user properties from: /opt/apache-jmeter-5.1/bin/user.properties
2019-03-29 08:21:46,802 INFO o.a.j.JMeter: Loading system properties from: /opt/apache-jmeter-5.1/bin/system.properties
2019-03-29 08:21:46,803 INFO o.a.j.JMeter: Setting JMeter property: server.rmi.ssl.keystore.file=/mnt/jmeter/keys/rmi_keystore.jks
2019-03-29 08:21:46,803 INFO o.a.j.JMeter: Setting JMeter property: client.rmi.localport=7000
2019-03-29 08:21:46,822 INFO o.a.j.JMeter: Copyright (c) 1998-2019 The Apache Software Foundation
2019-03-29 08:21:46,822 INFO o.a.j.JMeter: Version 5.1 r1853635
2019-03-29 08:21:46,822 INFO o.a.j.JMeter: java.version=1.8.0_201
2019-03-29 08:21:46,822 INFO o.a.j.JMeter: java.vm.name=OpenJDK 64-Bit Server VM
2019-03-29 08:21:46,822 INFO o.a.j.JMeter: os.name=Linux
2019-03-29 08:21:46,822 INFO o.a.j.JMeter: os.arch=amd64
2019-03-29 08:21:46,823 INFO o.a.j.JMeter: os.version=4.4.0-143-generic
2019-03-29 08:21:46,823 INFO o.a.j.JMeter: file.encoding=UTF-8
2019-03-29 08:21:46,823 INFO o.a.j.JMeter: java.awt.headless=true
2019-03-29 08:21:46,823 INFO o.a.j.JMeter: Max memory     =134217728
2019-03-29 08:21:46,823 INFO o.a.j.JMeter: Available Processors =4
2019-03-29 08:21:46,851 INFO o.a.j.JMeter: Default Locale=English (EN)
2019-03-29 08:21:46,852 INFO o.a.j.JMeter: JMeter  Locale=English (EN)
2019-03-29 08:21:46,852 INFO o.a.j.JMeter: JMeterHome=/opt/apache-jmeter-5.1
2019-03-29 08:21:46,852 INFO o.a.j.JMeter: user.dir  =/opt/apache-jmeter-5.1
2019-03-29 08:21:46,852 INFO o.a.j.JMeter: PWD       =/opt/apache-jmeter-5.1
2019-03-29 08:21:46,852 INFO o.a.j.JMeter: IP: 172.18.0.100 Name: 26f854318476 FullName: 26f854318476
2019-03-29 08:21:46,884 INFO o.a.j.s.FileServer: Default base='/opt/apache-jmeter-5.1'
2019-03-29 08:21:47,114 INFO o.a.j.s.FileServer: Set new base='/mnt/jmeter/jmx'
2019-03-29 08:21:48,260 INFO o.a.j.s.SaveService: Testplan (JMX) version: 2.2. Testlog (JTL) version: 2.2
2019-03-29 08:21:48,344 INFO o.a.j.s.SaveService: Using SaveService properties file encoding UTF-8
2019-03-29 08:21:48,368 INFO o.a.j.s.SaveService: Using SaveService properties version 5.0
2019-03-29 08:21:48,378 INFO o.a.j.s.SaveService: Loading file: /mnt/jmeter/jmx/Weather.jmx
2019-03-29 08:21:48,504 INFO o.a.j.p.h.s.HTTPSamplerBase: Parser for text/html is org.apache.jmeter.protocol.http.parser.LagartoBasedHtmlParser
2019-03-29 08:21:48,504 INFO o.a.j.p.h.s.HTTPSamplerBase: Parser for application/xhtml+xml is org.apache.jmeter.protocol.http.parser.LagartoBasedHtmlParser
2019-03-29 08:21:48,505 INFO o.a.j.p.h.s.HTTPSamplerBase: Parser for application/xml is org.apache.jmeter.protocol.http.parser.LagartoBasedHtmlParser
2019-03-29 08:21:48,505 INFO o.a.j.p.h.s.HTTPSamplerBase: Parser for text/xml is org.apache.jmeter.protocol.http.parser.LagartoBasedHtmlParser
2019-03-29 08:21:48,505 INFO o.a.j.p.h.s.HTTPSamplerBase: Parser for text/vnd.wap.wml is org.apache.jmeter.protocol.http.parser.RegexpHTMLParser
2019-03-29 08:21:48,505 INFO o.a.j.p.h.s.HTTPSamplerBase: Parser for text/css is org.apache.jmeter.protocol.http.parser.CssParser
2019-03-29 08:21:48,524 INFO o.a.j.s.SampleResult: Note: Sample TimeStamps are START times
2019-03-29 08:21:48,524 INFO o.a.j.s.SampleResult: sampleresult.default.encoding is set to ISO-8859-1
2019-03-29 08:21:48,524 INFO o.a.j.s.SampleResult: sampleresult.useNanoTime=true
2019-03-29 08:21:48,525 INFO o.a.j.s.SampleResult: sampleresult.nanoThreadSleep=5000
2019-03-29 08:21:48,563 INFO o.a.j.JMeter: Creating summariser <summary>
2019-03-29 08:21:48,573 INFO o.a.j.e.DistributedRunner: Configuring remote engine: 172.18.0.2
2019-03-29 08:21:48,666 ERROR o.a.j.e.DistributedRunner: Failed to create engine at 172.18.0.2
java.rmi.ConnectIOException: Exception creating connection to: 172.18.0.2; nested exception is: 
	java.io.IOException: java.security.UnrecoverableKeyException: Cannot recover key
	at sun.rmi.transport.tcp.TCPEndpoint.newSocket(TCPEndpoint.java:631) ~[?:1.8.0_201]
	at sun.rmi.transport.tcp.TCPChannel.createConnection(TCPChannel.java:216) ~[?:1.8.0_201]
	at sun.rmi.transport.tcp.TCPChannel.newConnection(TCPChannel.java:202) ~[?:1.8.0_201]
	at sun.rmi.server.UnicastRef.newCall(UnicastRef.java:338) ~[?:1.8.0_201]
	at sun.rmi.registry.RegistryImpl_Stub.lookup(RegistryImpl_Stub.java:112) ~[?:1.8.0_201]
	at org.apache.jmeter.engine.ClientJMeterEngine.getEngine(ClientJMeterEngine.java:72) ~[ApacheJMeter_core.jar:5.1 r1853635]
	at org.apache.jmeter.engine.ClientJMeterEngine.<init>(ClientJMeterEngine.java:85) ~[ApacheJMeter_core.jar:5.1 r1853635]
	at org.apache.jmeter.engine.DistributedRunner.createEngine(DistributedRunner.java:236) ~[ApacheJMeter_core.jar:5.1 r1853635]
	at org.apache.jmeter.engine.DistributedRunner.getClientEngine(DistributedRunner.java:213) [ApacheJMeter_core.jar:5.1 r1853635]
	at org.apache.jmeter.engine.DistributedRunner.init(DistributedRunner.java:93) [ApacheJMeter_core.jar:5.1 r1853635]
	at org.apache.jmeter.JMeter.runNonGui(JMeter.java:1082) [ApacheJMeter_core.jar:5.1 r1853635]
	at org.apache.jmeter.JMeter.startNonGui(JMeter.java:986) [ApacheJMeter_core.jar:5.1 r1853635]
	at org.apache.jmeter.JMeter.start(JMeter.java:563) [ApacheJMeter_core.jar:5.1 r1853635]
	at sun.reflect.NativeMethodAccessorImpl.invoke0(Native Method) ~[?:1.8.0_201]
	at sun.reflect.NativeMethodAccessorImpl.invoke(NativeMethodAccessorImpl.java:62) ~[?:1.8.0_201]
	at sun.reflect.DelegatingMethodAccessorImpl.invoke(DelegatingMethodAccessorImpl.java:43) ~[?:1.8.0_201]
	at java.lang.reflect.Method.invoke(Method.java:498) ~[?:1.8.0_201]
	at org.apache.jmeter.NewDriver.main(NewDriver.java:253) [ApacheJMeter.jar:5.1 r1853635]
Caused by: java.io.IOException: java.security.UnrecoverableKeyException: Cannot recover key
	at org.apache.jmeter.rmi.SSLRMIClientSocketFactory.createSocket(SSLRMIClientSocketFactory.java:110) ~[ApacheJMeter_core.jar:5.1 r1853635]
	at sun.rmi.transport.tcp.TCPEndpoint.newSocket(TCPEndpoint.java:613) ~[?:1.8.0_201]
	... 17 more
Caused by: java.security.UnrecoverableKeyException: Cannot recover key
	at sun.security.provider.KeyProtector.recover(KeyProtector.java:315) ~[?:1.8.0_201]
	at sun.security.provider.JavaKeyStore.engineGetKey(JavaKeyStore.java:141) ~[?:1.8.0_201]
	at sun.security.provider.JavaKeyStore$JKS.engineGetKey(JavaKeyStore.java:56) ~[?:1.8.0_201]
	at sun.security.provider.KeyStoreDelegator.engineGetKey(KeyStoreDelegator.java:96) ~[?:1.8.0_201]
	at sun.security.provider.JavaKeyStore$DualFormatJKS.engineGetKey(JavaKeyStore.java:70) ~[?:1.8.0_201]
	at java.security.KeyStore.getKey(KeyStore.java:1023) ~[?:1.8.0_201]
	at sun.security.ssl.SunX509KeyManagerImpl.<init>(SunX509KeyManagerImpl.java:133) ~[?:1.8.0_201]
	at sun.security.ssl.KeyManagerFactoryImpl$SunX509.engineInit(KeyManagerFactoryImpl.java:70) ~[?:1.8.0_201]
	at javax.net.ssl.KeyManagerFactory.init(KeyManagerFactory.java:256) ~[?:1.8.0_201]
	at org.apache.jmeter.rmi.SSLRMIClientSocketFactory.createSocket(SSLRMIClientSocketFactory.java:103) ~[ApacheJMeter_core.jar:5.1 r1853635]
	at sun.rmi.transport.tcp.TCPEndpoint.newSocket(TCPEndpoint.java:613) ~[?:1.8.0_201]
	... 17 more
2019-03-29 08:21:48,670 ERROR o.a.j.u.JMeterUtils: Exception creating connection to: 172.18.0.2; nested exception is: 
	java.io.IOException: java.security.UnrecoverableKeyException: Cannot recover key
2019-03-29 08:21:48,671 INFO o.a.j.e.DistributedRunner: Failed to configure 172.18.0.2
2019-03-29 08:21:48,671 INFO o.a.j.e.DistributedRunner: Configuring remote engine: 172.18.0.3
2019-03-29 08:21:48,672 ERROR o.a.j.e.DistributedRunner: Failed to create engine at 172.18.0.3
java.rmi.ConnectIOException: Exception creating connection to: 172.18.0.3; nested exception is: 
	java.io.IOException: java.security.UnrecoverableKeyException: Cannot recover key
	at sun.rmi.transport.tcp.TCPEndpoint.newSocket(TCPEndpoint.java:631) ~[?:1.8.0_201]
	at sun.rmi.transport.tcp.TCPChannel.createConnection(TCPChannel.java:216) ~[?:1.8.0_201]
	at sun.rmi.transport.tcp.TCPChannel.newConnection(TCPChannel.java:202) ~[?:1.8.0_201]
	at sun.rmi.server.UnicastRef.newCall(UnicastRef.java:338) ~[?:1.8.0_201]
	at sun.rmi.registry.RegistryImpl_Stub.lookup(RegistryImpl_Stub.java:112) ~[?:1.8.0_201]
	at org.apache.jmeter.engine.ClientJMeterEngine.getEngine(ClientJMeterEngine.java:72) ~[ApacheJMeter_core.jar:5.1 r1853635]
	at org.apache.jmeter.engine.ClientJMeterEngine.<init>(ClientJMeterEngine.java:85) ~[ApacheJMeter_core.jar:5.1 r1853635]
	at org.apache.jmeter.engine.DistributedRunner.createEngine(DistributedRunner.java:236) ~[ApacheJMeter_core.jar:5.1 r1853635]
	at org.apache.jmeter.engine.DistributedRunner.getClientEngine(DistributedRunner.java:213) [ApacheJMeter_core.jar:5.1 r1853635]
	at org.apache.jmeter.engine.DistributedRunner.init(DistributedRunner.java:93) [ApacheJMeter_core.jar:5.1 r1853635]
	at org.apache.jmeter.JMeter.runNonGui(JMeter.java:1082) [ApacheJMeter_core.jar:5.1 r1853635]
	at org.apache.jmeter.JMeter.startNonGui(JMeter.java:986) [ApacheJMeter_core.jar:5.1 r1853635]
	at org.apache.jmeter.JMeter.start(JMeter.java:563) [ApacheJMeter_core.jar:5.1 r1853635]
	at sun.reflect.NativeMethodAccessorImpl.invoke0(Native Method) ~[?:1.8.0_201]
	at sun.reflect.NativeMethodAccessorImpl.invoke(NativeMethodAccessorImpl.java:62) ~[?:1.8.0_201]
	at sun.reflect.DelegatingMethodAccessorImpl.invoke(DelegatingMethodAccessorImpl.java:43) ~[?:1.8.0_201]
	at java.lang.reflect.Method.invoke(Method.java:498) ~[?:1.8.0_201]
	at org.apache.jmeter.NewDriver.main(NewDriver.java:253) [ApacheJMeter.jar:5.1 r1853635]
Caused by: java.io.IOException: java.security.UnrecoverableKeyException: Cannot recover key
	at org.apache.jmeter.rmi.SSLRMIClientSocketFactory.createSocket(SSLRMIClientSocketFactory.java:110) ~[ApacheJMeter_core.jar:5.1 r1853635]
	at sun.rmi.transport.tcp.TCPEndpoint.newSocket(TCPEndpoint.java:613) ~[?:1.8.0_201]
	... 17 more
Caused by: java.security.UnrecoverableKeyException: Cannot recover key
	at sun.security.provider.KeyProtector.recover(KeyProtector.java:315) ~[?:1.8.0_201]
	at sun.security.provider.JavaKeyStore.engineGetKey(JavaKeyStore.java:141) ~[?:1.8.0_201]
	at sun.security.provider.JavaKeyStore$JKS.engineGetKey(JavaKeyStore.java:56) ~[?:1.8.0_201]
	at sun.security.provider.KeyStoreDelegator.engineGetKey(KeyStoreDelegator.java:96) ~[?:1.8.0_201]
	at sun.security.provider.JavaKeyStore$DualFormatJKS.engineGetKey(JavaKeyStore.java:70) ~[?:1.8.0_201]
	at java.security.KeyStore.getKey(KeyStore.java:1023) ~[?:1.8.0_201]
	at sun.security.ssl.SunX509KeyManagerImpl.<init>(SunX509KeyManagerImpl.java:133) ~[?:1.8.0_201]
	at sun.security.ssl.KeyManagerFactoryImpl$SunX509.engineInit(KeyManagerFactoryImpl.java:70) ~[?:1.8.0_201]
	at javax.net.ssl.KeyManagerFactory.init(KeyManagerFactory.java:256) ~[?:1.8.0_201]
	at org.apache.jmeter.rmi.SSLRMIClientSocketFactory.createSocket(SSLRMIClientSocketFactory.java:103) ~[ApacheJMeter_core.jar:5.1 r1853635]
	at sun.rmi.transport.tcp.TCPEndpoint.newSocket(TCPEndpoint.java:613) ~[?:1.8.0_201]
	... 17 more
2019-03-29 08:21:48,673 ERROR o.a.j.u.JMeterUtils: Exception creating connection to: 172.18.0.3; nested exception is: 
	java.io.IOException: java.security.UnrecoverableKeyException: Cannot recover key
2019-03-29 08:21:48,673 INFO o.a.j.e.DistributedRunner: Failed to configure 172.18.0.3
2019-03-29 08:21:48,674 INFO o.a.j.e.DistributedRunner: Stopping remote engines
2019-03-29 08:21:48,674 INFO o.a.j.e.DistributedRunner: Remote engines have been stopped
2019-03-29 08:21:48,674 ERROR o.a.j.JMeter: Error in NonGUIDriver
java.lang.RuntimeException: Following remote engines could not be configured:[172.18.0.2, 172.18.0.3]
	at org.apache.jmeter.engine.DistributedRunner.init(DistributedRunner.java:112) ~[ApacheJMeter_core.jar:5.1 r1853635]
	at org.apache.jmeter.JMeter.runNonGui(JMeter.java:1082) [ApacheJMeter_core.jar:5.1 r1853635]
	at org.apache.jmeter.JMeter.startNonGui(JMeter.java:986) [ApacheJMeter_core.jar:5.1 r1853635]
	at org.apache.jmeter.JMeter.start(JMeter.java:563) [ApacheJMeter_core.jar:5.1 r1853635]
	at sun.reflect.NativeMethodAccessorImpl.invoke0(Native Method) ~[?:1.8.0_201]
	at sun.reflect.NativeMethodAccessorImpl.invoke(NativeMethodAccessorImpl.java:62) ~[?:1.8.0_201]
	at sun.reflect.DelegatingMethodAccessorImpl.invoke(DelegatingMethodAccessorImpl.java:43) ~[?:1.8.0_201]
	at java.lang.reflect.Method.invoke(Method.java:498) ~[?:1.8.0_201]
	at org.apache.jmeter.NewDriver.main(NewDriver.java:253) [ApacheJMeter.jar:5.1 r1853635]
