2019-03-29 08:10:38,760 INFO o.a.j.u.JMeterUtils: Setting Locale to en_EN
2019-03-29 08:10:38,977 INFO o.a.j.JMeter: Loading user properties from: /opt/apache-jmeter-5.1/bin/user.properties
2019-03-29 08:10:38,982 INFO o.a.j.JMeter: Loading system properties from: /opt/apache-jmeter-5.1/bin/system.properties
2019-03-29 08:10:38,989 INFO o.a.j.JMeter: Setting JMeter property: server.rmi.ssl.keystore.file=/mnt/jmeter/keys/rmi_keystore.jks
2019-03-29 08:10:38,989 INFO o.a.j.JMeter: Setting JMeter property: client.rmi.localport=7000
2019-03-29 08:10:38,989 INFO o.a.j.JMeter: Setting JMeter property: server.rmi.localport=7614
2019-03-29 08:10:38,990 INFO o.a.j.JMeter: Setting JMeter property: numberOfThreads=3
2019-03-29 08:10:38,990 INFO o.a.j.JMeter: Setting JMeter property: appName=2.0
2019-03-29 08:10:38,991 INFO o.a.j.JMeter: Setting JMeter property: loopCount=1
2019-03-29 08:10:39,063 INFO o.a.j.JMeter: Copyright (c) 1998-2019 The Apache Software Foundation
2019-03-29 08:10:39,063 INFO o.a.j.JMeter: Version 5.1 r1853635
2019-03-29 08:10:39,063 INFO o.a.j.JMeter: java.version=1.8.0_201
2019-03-29 08:10:39,064 INFO o.a.j.JMeter: java.vm.name=OpenJDK 64-Bit Server VM
2019-03-29 08:10:39,064 INFO o.a.j.JMeter: os.name=Linux
2019-03-29 08:10:39,064 INFO o.a.j.JMeter: os.arch=amd64
2019-03-29 08:10:39,064 INFO o.a.j.JMeter: os.version=4.4.0-143-generic
2019-03-29 08:10:39,064 INFO o.a.j.JMeter: file.encoding=UTF-8
2019-03-29 08:10:39,064 INFO o.a.j.JMeter: java.awt.headless=true
2019-03-29 08:10:39,064 INFO o.a.j.JMeter: Max memory     =159383552
2019-03-29 08:10:39,065 INFO o.a.j.JMeter: Available Processors =4
2019-03-29 08:10:39,254 INFO o.a.j.JMeter: Default Locale=English (EN)
2019-03-29 08:10:39,254 INFO o.a.j.JMeter: JMeter  Locale=English (EN)
2019-03-29 08:10:39,255 INFO o.a.j.JMeter: JMeterHome=/opt/apache-jmeter-5.1
2019-03-29 08:10:39,255 INFO o.a.j.JMeter: user.dir  =/opt/apache-jmeter-5.1
2019-03-29 08:10:39,255 INFO o.a.j.JMeter: PWD       =/opt/apache-jmeter-5.1
2019-03-29 08:10:39,256 INFO o.a.j.JMeter: IP: 172.18.0.2 Name: 2bbd05ef96c9 FullName: 2bbd05ef96c9
2019-03-29 08:10:39,340 INFO o.a.j.r.RmiUtils: System property 'java.rmi.server.hostname' is not defined, using localHost address
2019-03-29 08:10:39,341 INFO o.a.j.r.RmiUtils: Local IP address=172.18.0.2
2019-03-29 08:10:39,704 ERROR o.a.j.JMeter: Giving up, as server failed with:
java.rmi.server.ExportException: Listen failed on port: 7614; nested exception is: 
	java.io.IOException: java.security.UnrecoverableKeyException: Cannot recover key
	at sun.rmi.transport.tcp.TCPTransport.listen(TCPTransport.java:348) ~[?:1.8.0_201]
	at sun.rmi.transport.tcp.TCPTransport.exportObject(TCPTransport.java:254) ~[?:1.8.0_201]
	at sun.rmi.transport.tcp.TCPEndpoint.exportObject(TCPEndpoint.java:411) ~[?:1.8.0_201]
	at sun.rmi.transport.LiveRef.exportObject(LiveRef.java:147) ~[?:1.8.0_201]
	at sun.rmi.server.UnicastServerRef.exportObject(UnicastServerRef.java:236) ~[?:1.8.0_201]
	at java.rmi.server.UnicastRemoteObject.exportObject(UnicastRemoteObject.java:383) ~[?:1.8.0_201]
	at java.rmi.server.UnicastRemoteObject.exportObject(UnicastRemoteObject.java:346) ~[?:1.8.0_201]
	at java.rmi.server.UnicastRemoteObject.<init>(UnicastRemoteObject.java:225) ~[?:1.8.0_201]
	at org.apache.jmeter.engine.RemoteJMeterEngineImpl.<init>(RemoteJMeterEngineImpl.java:67) ~[ApacheJMeter_core.jar:5.1 r1853635]
	at org.apache.jmeter.engine.RemoteJMeterEngineImpl.startServer(RemoteJMeterEngineImpl.java:73) ~[ApacheJMeter_core.jar:5.1 r1853635]
	at org.apache.jmeter.JMeter.start(JMeter.java:521) [ApacheJMeter_core.jar:5.1 r1853635]
	at sun.reflect.NativeMethodAccessorImpl.invoke0(Native Method) ~[?:1.8.0_201]
	at sun.reflect.NativeMethodAccessorImpl.invoke(NativeMethodAccessorImpl.java:62) ~[?:1.8.0_201]
	at sun.reflect.DelegatingMethodAccessorImpl.invoke(DelegatingMethodAccessorImpl.java:43) ~[?:1.8.0_201]
	at java.lang.reflect.Method.invoke(Method.java:498) ~[?:1.8.0_201]
	at org.apache.jmeter.NewDriver.main(NewDriver.java:253) [ApacheJMeter.jar:5.1 r1853635]
Caused by: java.io.IOException: java.security.UnrecoverableKeyException: Cannot recover key
	at org.apache.jmeter.rmi.SSLRMIServerSocketFactory.createServerSocket(SSLRMIServerSocketFactory.java:126) ~[ApacheJMeter_core.jar:5.1 r1853635]
	at sun.rmi.transport.tcp.TCPEndpoint.newServerSocket(TCPEndpoint.java:666) ~[?:1.8.0_201]
	at sun.rmi.transport.tcp.TCPTransport.listen(TCPTransport.java:335) ~[?:1.8.0_201]
	... 15 more
Caused by: java.security.UnrecoverableKeyException: Cannot recover key
	at sun.security.provider.KeyProtector.recover(KeyProtector.java:315) ~[?:1.8.0_201]
	at sun.security.provider.JavaKeyStore.engineGetKey(JavaKeyStore.java:141) ~[?:1.8.0_201]
	at sun.security.provider.JavaKeyStore$JKS.engineGetKey(JavaKeyStore.java:56) ~[?:1.8.0_201]
	at sun.security.provider.KeyStoreDelegator.engineGetKey(KeyStoreDelegator.java:96) ~[?:1.8.0_201]
	at sun.security.provider.JavaKeyStore$DualFormatJKS.engineGetKey(JavaKeyStore.java:70) ~[?:1.8.0_201]
	at java.security.KeyStore.getKey(KeyStore.java:1023) ~[?:1.8.0_201]
	at sun.security.ssl.SunX509KeyManagerImpl.<init>(SunX509KeyManagerImpl.java:133) ~[?:1.8.0_201]
	at sun.security.ssl.KeyManagerFactoryImpl$SunX509.engineInit(KeyManagerFactoryImpl.java:70) ~[?:1.8.0_201]
	at javax.net.ssl.KeyManagerFactory.init(KeyManagerFactory.java:256) ~[?:1.8.0_201]
	at org.apache.jmeter.rmi.SSLRMIServerSocketFactory.createServerSocket(SSLRMIServerSocketFactory.java:119) ~[ApacheJMeter_core.jar:5.1 r1853635]
	at sun.rmi.transport.tcp.TCPEndpoint.newServerSocket(TCPEndpoint.java:666) ~[?:1.8.0_201]
	at sun.rmi.transport.tcp.TCPTransport.listen(TCPTransport.java:335) ~[?:1.8.0_201]
	... 15 more
2019-03-29 08:10:39,720 ERROR o.a.j.JMeter: An error occurred: 
java.rmi.server.ExportException: Listen failed on port: 7614; nested exception is: 
	java.io.IOException: java.security.UnrecoverableKeyException: Cannot recover key
	at sun.rmi.transport.tcp.TCPTransport.listen(TCPTransport.java:348) ~[?:1.8.0_201]
	at sun.rmi.transport.tcp.TCPTransport.exportObject(TCPTransport.java:254) ~[?:1.8.0_201]
	at sun.rmi.transport.tcp.TCPEndpoint.exportObject(TCPEndpoint.java:411) ~[?:1.8.0_201]
	at sun.rmi.transport.LiveRef.exportObject(LiveRef.java:147) ~[?:1.8.0_201]
	at sun.rmi.server.UnicastServerRef.exportObject(UnicastServerRef.java:236) ~[?:1.8.0_201]
	at java.rmi.server.UnicastRemoteObject.exportObject(UnicastRemoteObject.java:383) ~[?:1.8.0_201]
	at java.rmi.server.UnicastRemoteObject.exportObject(UnicastRemoteObject.java:346) ~[?:1.8.0_201]
	at java.rmi.server.UnicastRemoteObject.<init>(UnicastRemoteObject.java:225) ~[?:1.8.0_201]
	at org.apache.jmeter.engine.RemoteJMeterEngineImpl.<init>(RemoteJMeterEngineImpl.java:67) ~[ApacheJMeter_core.jar:5.1 r1853635]
	at org.apache.jmeter.engine.RemoteJMeterEngineImpl.startServer(RemoteJMeterEngineImpl.java:73) ~[ApacheJMeter_core.jar:5.1 r1853635]
	at org.apache.jmeter.JMeter.start(JMeter.java:521) [ApacheJMeter_core.jar:5.1 r1853635]
	at sun.reflect.NativeMethodAccessorImpl.invoke0(Native Method) ~[?:1.8.0_201]
	at sun.reflect.NativeMethodAccessorImpl.invoke(NativeMethodAccessorImpl.java:62) ~[?:1.8.0_201]
	at sun.reflect.DelegatingMethodAccessorImpl.invoke(DelegatingMethodAccessorImpl.java:43) ~[?:1.8.0_201]
	at java.lang.reflect.Method.invoke(Method.java:498) ~[?:1.8.0_201]
	at org.apache.jmeter.NewDriver.main(NewDriver.java:253) [ApacheJMeter.jar:5.1 r1853635]
Caused by: java.io.IOException: java.security.UnrecoverableKeyException: Cannot recover key
	at org.apache.jmeter.rmi.SSLRMIServerSocketFactory.createServerSocket(SSLRMIServerSocketFactory.java:126) ~[ApacheJMeter_core.jar:5.1 r1853635]
	at sun.rmi.transport.tcp.TCPEndpoint.newServerSocket(TCPEndpoint.java:666) ~[?:1.8.0_201]
	at sun.rmi.transport.tcp.TCPTransport.listen(TCPTransport.java:335) ~[?:1.8.0_201]
	... 15 more
Caused by: java.security.UnrecoverableKeyException: Cannot recover key
	at sun.security.provider.KeyProtector.recover(KeyProtector.java:315) ~[?:1.8.0_201]
	at sun.security.provider.JavaKeyStore.engineGetKey(JavaKeyStore.java:141) ~[?:1.8.0_201]
	at sun.security.provider.JavaKeyStore$JKS.engineGetKey(JavaKeyStore.java:56) ~[?:1.8.0_201]
	at sun.security.provider.KeyStoreDelegator.engineGetKey(KeyStoreDelegator.java:96) ~[?:1.8.0_201]
	at sun.security.provider.JavaKeyStore$DualFormatJKS.engineGetKey(JavaKeyStore.java:70) ~[?:1.8.0_201]
	at java.security.KeyStore.getKey(KeyStore.java:1023) ~[?:1.8.0_201]
	at sun.security.ssl.SunX509KeyManagerImpl.<init>(SunX509KeyManagerImpl.java:133) ~[?:1.8.0_201]
	at sun.security.ssl.KeyManagerFactoryImpl$SunX509.engineInit(KeyManagerFactoryImpl.java:70) ~[?:1.8.0_201]
	at javax.net.ssl.KeyManagerFactory.init(KeyManagerFactory.java:256) ~[?:1.8.0_201]
	at org.apache.jmeter.rmi.SSLRMIServerSocketFactory.createServerSocket(SSLRMIServerSocketFactory.java:119) ~[ApacheJMeter_core.jar:5.1 r1853635]
	at sun.rmi.transport.tcp.TCPEndpoint.newServerSocket(TCPEndpoint.java:666) ~[?:1.8.0_201]
	at sun.rmi.transport.tcp.TCPTransport.listen(TCPTransport.java:335) ~[?:1.8.0_201]
	... 15 more
