2019-03-29 09:32:51,326 INFO o.a.j.u.JMeterUtils: Setting Locale to en_EN
2019-03-29 09:32:51,349 INFO o.a.j.JMeter: Loading user properties from: /opt/apache-jmeter-5.1/bin/user.properties
2019-03-29 09:32:51,350 INFO o.a.j.JMeter: Loading system properties from: /opt/apache-jmeter-5.1/bin/system.properties
2019-03-29 09:32:51,350 INFO o.a.j.JMeter: Setting JMeter property: client.rmi.localport=7000
2019-03-29 09:32:51,350 INFO o.a.j.JMeter: Setting JMeter property: server.rmi.ssl.disable=true
2019-03-29 09:32:51,350 INFO o.a.j.JMeter: Setting JMeter property: remote_hosts=172.20.0.2,172.20.0.3
2019-03-29 09:32:51,357 INFO o.a.j.JMeter: Copyright (c) 1998-2019 The Apache Software Foundation
2019-03-29 09:32:51,357 INFO o.a.j.JMeter: Version 5.1 r1853635
2019-03-29 09:32:51,357 INFO o.a.j.JMeter: java.version=1.8.0_201
2019-03-29 09:32:51,357 INFO o.a.j.JMeter: java.vm.name=OpenJDK 64-Bit Server VM
2019-03-29 09:32:51,357 INFO o.a.j.JMeter: os.name=Linux
2019-03-29 09:32:51,357 INFO o.a.j.JMeter: os.arch=amd64
2019-03-29 09:32:51,357 INFO o.a.j.JMeter: os.version=4.4.0-143-generic
2019-03-29 09:32:51,357 INFO o.a.j.JMeter: file.encoding=UTF-8
2019-03-29 09:32:51,358 INFO o.a.j.JMeter: java.awt.headless=true
2019-03-29 09:32:51,358 INFO o.a.j.JMeter: Max memory     =251658240
2019-03-29 09:32:51,358 INFO o.a.j.JMeter: Available Processors =4
2019-03-29 09:32:51,364 INFO o.a.j.JMeter: Default Locale=English (EN)
2019-03-29 09:32:51,364 INFO o.a.j.JMeter: JMeter  Locale=English (EN)
2019-03-29 09:32:51,364 INFO o.a.j.JMeter: JMeterHome=/opt/apache-jmeter-5.1
2019-03-29 09:32:51,365 INFO o.a.j.JMeter: user.dir  =/opt/apache-jmeter-5.1
2019-03-29 09:32:51,365 INFO o.a.j.JMeter: PWD       =/opt/apache-jmeter-5.1
2019-03-29 09:32:51,365 INFO o.a.j.JMeter: IP: 172.20.0.254 Name: 6049ff23df3b FullName: 6049ff23df3b
2019-03-29 09:32:51,384 INFO o.a.j.s.FileServer: Default base='/opt/apache-jmeter-5.1'
2019-03-29 09:32:51,397 INFO o.a.j.s.FileServer: Set new base='/mnt/jmeter/jmx'
2019-03-29 09:32:51,650 INFO o.a.j.s.SaveService: Testplan (JMX) version: 2.2. Testlog (JTL) version: 2.2
2019-03-29 09:32:51,666 INFO o.a.j.s.SaveService: Using SaveService properties file encoding UTF-8
2019-03-29 09:32:51,671 INFO o.a.j.s.SaveService: Using SaveService properties version 5.0
2019-03-29 09:32:51,678 INFO o.a.j.s.SaveService: Loading file: /mnt/jmeter/jmx/Get_Employees.jmx
2019-03-29 09:32:51,779 INFO o.a.j.p.h.s.HTTPSamplerBase: Parser for text/html is org.apache.jmeter.protocol.http.parser.LagartoBasedHtmlParser
2019-03-29 09:32:51,779 INFO o.a.j.p.h.s.HTTPSamplerBase: Parser for application/xhtml+xml is org.apache.jmeter.protocol.http.parser.LagartoBasedHtmlParser
2019-03-29 09:32:51,779 INFO o.a.j.p.h.s.HTTPSamplerBase: Parser for application/xml is org.apache.jmeter.protocol.http.parser.LagartoBasedHtmlParser
2019-03-29 09:32:51,779 INFO o.a.j.p.h.s.HTTPSamplerBase: Parser for text/xml is org.apache.jmeter.protocol.http.parser.LagartoBasedHtmlParser
2019-03-29 09:32:51,779 INFO o.a.j.p.h.s.HTTPSamplerBase: Parser for text/vnd.wap.wml is org.apache.jmeter.protocol.http.parser.RegexpHTMLParser
2019-03-29 09:32:51,779 INFO o.a.j.p.h.s.HTTPSamplerBase: Parser for text/css is org.apache.jmeter.protocol.http.parser.CssParser
2019-03-29 09:32:51,792 INFO o.a.j.s.SampleResult: Note: Sample TimeStamps are START times
2019-03-29 09:32:51,792 INFO o.a.j.s.SampleResult: sampleresult.default.encoding is set to ISO-8859-1
2019-03-29 09:32:51,792 INFO o.a.j.s.SampleResult: sampleresult.useNanoTime=true
2019-03-29 09:32:51,792 INFO o.a.j.s.SampleResult: sampleresult.nanoThreadSleep=5000
2019-03-29 09:32:51,829 INFO o.a.j.JMeter: Creating summariser <summary>
2019-03-29 09:32:51,845 INFO o.a.j.e.StandardJMeterEngine: Running the test!
2019-03-29 09:32:51,846 INFO o.a.j.s.SampleEvent: List of sample_variables: []
2019-03-29 09:32:51,846 INFO o.a.j.s.SampleEvent: List of sample_variables: []
2019-03-29 09:32:51,852 INFO o.a.j.e.u.CompoundVariable: Note: Function class names must contain the string: '.functions.'
2019-03-29 09:32:51,852 INFO o.a.j.e.u.CompoundVariable: Note: Function class names must not contain the string: '.gui.'
2019-03-29 09:32:52,429 INFO o.a.j.v.b.BackendListener: Backend Listener: Starting worker with class: class org.apache.jmeter.visualizers.backend.influxdb.InfluxdbBackendListenerClient and queue capacity: 5000
2019-03-29 09:32:52,431 INFO o.a.j.v.b.BackendListener: Backend Listener: Started  worker with class: class org.apache.jmeter.visualizers.backend.influxdb.InfluxdbBackendListenerClient
2019-03-29 09:32:52,749 INFO o.a.j.JMeter: Running test (1553848372748)
2019-03-29 09:32:52,810 INFO o.a.j.e.StandardJMeterEngine: Starting ThreadGroup: 1 : Get_Employees
2019-03-29 09:32:52,811 INFO o.a.j.e.StandardJMeterEngine: Starting 2 threads for group Get_Employees.
2019-03-29 09:32:52,811 INFO o.a.j.e.StandardJMeterEngine: Thread will continue on error
2019-03-29 09:32:52,811 INFO o.a.j.t.ThreadGroup: Starting thread group... number=1 threads=2 ramp-up=2 perThread=1000.0 delayedStart=false
2019-03-29 09:32:52,821 INFO o.a.j.t.ThreadGroup: Started thread group number 1
2019-03-29 09:32:52,821 INFO o.a.j.e.StandardJMeterEngine: All thread groups have been started
2019-03-29 09:32:52,824 INFO o.a.j.t.JMeterThread: Thread started: Get_Employees 1-1
2019-03-29 09:32:52,849 INFO o.a.j.p.h.s.HTTPHCAbstractImpl: Local host = 6049ff23df3b
2019-03-29 09:32:52,860 INFO o.a.j.p.h.s.HTTPHC4Impl: HTTP request retry count = 0
2019-03-29 09:32:53,824 INFO o.a.j.t.JMeterThread: Thread started: Get_Employees 1-2
2019-03-29 09:32:56,038 INFO o.a.j.u.JsseSSLManager: Using default SSL protocol: TLS
2019-03-29 09:32:56,039 INFO o.a.j.u.JsseSSLManager: SSL session context: per-thread
2019-03-29 09:32:58,281 INFO o.a.j.t.JMeterThread: Thread is done: Get_Employees 1-1
2019-03-29 09:32:58,281 INFO o.a.j.t.JMeterThread: Thread finished: Get_Employees 1-1
2019-03-29 09:32:59,389 INFO o.a.j.t.JMeterThread: Thread is done: Get_Employees 1-2
2019-03-29 09:32:59,389 INFO o.a.j.t.JMeterThread: Thread finished: Get_Employees 1-2
2019-03-29 09:32:59,390 INFO o.a.j.e.StandardJMeterEngine: Notifying test listeners of end of test
2019-03-29 09:32:59,390 INFO o.a.j.v.b.BackendListener: Worker ended
2019-03-29 09:32:59,392 INFO o.a.j.v.b.i.InfluxdbBackendListenerClient: Sending last metrics
2019-03-29 09:32:59,394 INFO o.a.j.v.b.i.HttpMetricsSender: Destroying 
2019-03-29 09:32:59,431 INFO o.a.j.r.Summariser: summary =      8 in 00:00:07 =    1.2/s Avg:  1360 Min:   493 Max:  2656 Err:     0 (0.00%)
